2026-03-12 15:02:11,085 - logging_config - INFO - 🔍 Found 315 MHTML files to process
2026-03-12 15:02:11,806 - logging_config - INFO - ✅ [1/315] Processed: 0101_US_sensorTower_android_music_and_audio_20260302.mhtml → 10 rows from SensorTower (US) [Music]
2026-03-12 15:02:12,374 - logging_config - INFO - ✅ [2/315] Processed: 0102_US_sensorTower_android_maps_and_navigation_20260302.mhtml → 10 rows from SensorTower (US) [Navigation]
2026-03-12 15:02:12,836 - logging_config - INFO - ✅ [3/315] Processed: 0103_US_sensorTower_android_social_20260302.mhtml → 10 rows from SensorTower (US) [Messaging]
2026-03-12 15:02:13,439 - logging_config - INFO - ✅ [4/315] Processed: 0104_US_sensorTower_android_communication_20260302.mhtml → 10 rows from SensorTower (US) [Messaging]
2026-03-12 15:02:14,007 - logging_config - INFO - ✅ [5/315] Processed: 0105_US_sensorTower_apple_music_20260302.mhtml → 10 rows from SensorTower (US) [Music]
2026-03-12 15:02:14,622 - logging_config - INFO - ✅ [6/315] Processed: 0106_US_sensorTower_apple_navigation_20260302.mhtml → 10 rows from SensorTower (US) [Navigation]
2026-03-12 15:02:15,223 - logging_config - INFO - ✅ [7/315] Processed: 0107_US_sensorTower_apple_social_networking_20260302.mhtml → 10 rows from SensorTower (US) [Messaging]
2026-03-12 15:02:15,307 - logging_config - INFO - ✅ [8/315] Processed: 0108_US_Appfigures_android_music_and_audio_20260302.mhtml → 10 rows from appfigures (US) [Music]
2026-03-12 15:02:15,389 - logging_config - INFO - ✅ [9/315] Processed: 0109_US_Appfigures_android_maps_and_navigation_20260302.mhtml → 10 rows from appfigures (US) [Navigation]
2026-03-12 15:02:15,445 - logging_config - INFO - ✅ [10/315] Processed: 0110_US_Appfigures_android_social_20260302.mhtml → 10 rows from appfigures (US) [Messaging]
2026-03-12 15:02:15,556 - logging_config - INFO - ✅ [11/315] Processed: 0111_US_Appfigures_android_communication_20260302.mhtml → 10 rows from appfigures (US) [Messaging]
2026-03-12 15:02:15,639 - logging_config - INFO - ✅ [12/315] Processed: 0112_US_Appfigures_apple_music_20260302.mhtml → 10 rows from appfigures (US) [Music]
2026-03-12 15:02:15,722 - logging_config - INFO - ✅ [13/315] Processed: 0113_US_Appfigures_apple_navigation_20260302.mhtml → 10 rows from appfigures (US) [Navigation]
2026-03-12 15:02:15,857 - logging_config - INFO - ✅ [14/315] Processed: 0114_US_Appfigures_apple_social_networking_20260302.mhtml → 10 rows from appfigures (US) [Messaging]
2026-03-12 15:02:16,490 - logging_config - INFO - ✅ [15/315] Processed: 0201_CA_sensorTower_android_music_and_audio_20260302.mhtml → 10 rows from SensorTower (CA) [Music]
2026-03-12 15:02:16,906 - logging_config - INFO - ✅ [16/315] Processed: 0202_CA_sensorTower_android_maps_and_navigation_20260302.mhtml → 10 rows from SensorTower (CA) [Navigation]
2026-03-12 15:02:17,369 - logging_config - INFO - ✅ [17/315] Processed: 0203_CA_sensorTower_android_social_20260302.mhtml → 10 rows from SensorTower (CA) [Messaging]
2026-03-12 15:02:17,819 - logging_config - INFO - ✅ [18/315] Processed: 0204_CA_sensorTower_android_communication_20260302.mhtml → 10 rows from SensorTower (CA) [Messaging]
2026-03-12 15:02:18,382 - logging_config - INFO - ✅ [19/315] Processed: 0205_CA_sensorTower_apple_music_20260302.mhtml → 10 rows from SensorTower (CA) [Music]
2026-03-12 15:02:19,040 - logging_config - INFO - ✅ [20/315] Processed: 0206_CA_sensorTower_apple_navigation_20260302.mhtml → 10 rows from SensorTower (CA) [Navigation]
2026-03-12 15:02:19,656 - logging_config - INFO - ✅ [21/315] Processed: 0207_CA_sensorTower_apple_social_networking_20260302.mhtml → 10 rows from SensorTower (CA) [Messaging]
2026-03-12 15:02:19,724 - logging_config - INFO - ✅ [22/315] Processed: 0208_CA_Appfigures_android_music_and_audio_20260302.mhtml → 10 rows from appfigures (CA) [Music]
2026-03-12 15:02:19,902 - logging_config - INFO - ✅ [23/315] Processed: 0209_CA_Appfigures_android_maps_and_navigation_20260302.mhtml → 10 rows from appfigures (CA) [Navigation]
2026-03-12 15:02:19,974 - logging_config - INFO - ✅ [24/315] Processed: 0210_CA_Appfigures_android_social_20260302.mhtml → 10 rows from appfigures (CA) [Messaging]
2026-03-12 15:02:20,089 - logging_config - INFO - ✅ [25/315] Processed: 0211_CA_Appfigures_android_communication_20260302.mhtml → 10 rows from appfigures (CA) [Messaging]
2026-03-12 15:02:20,201 - logging_config - INFO - ✅ [26/315] Processed: 0212_CA_Appfigures_apple_music_20260302.mhtml → 10 rows from appfigures (CA) [Music]
2026-03-12 15:02:20,273 - logging_config - INFO - ✅ [27/315] Processed: 0213_CA_Appfigures_apple_navigation_20260302.mhtml → 10 rows from appfigures (CA) [Navigation]
2026-03-12 15:02:20,383 - logging_config - INFO - ✅ [28/315] Processed: 0214_CA_Appfigures_apple_social_networking_20260302.mhtml → 10 rows from appfigures (CA) [Messaging]
2026-03-12 15:02:20,883 - logging_config - INFO - ✅ [29/315] Processed: 0301_AU_sensorTower_android_music_and_audio_20260302.mhtml → 10 rows from SensorTower (AU) [Music]
2026-03-12 15:02:21,335 - logging_config - INFO - ✅ [30/315] Processed: 0302_AU_sensorTower_android_maps_and_navigation_20260302.mhtml → 10 rows from SensorTower (AU) [Navigation]
2026-03-12 15:02:21,786 - logging_config - INFO - ✅ [31/315] Processed: 0303_AU_sensorTower_android_social_20260302.mhtml → 10 rows from SensorTower (AU) [Messaging]
2026-03-12 15:02:22,250 - logging_config - INFO - ✅ [32/315] Processed: 0304_AU_sensorTower_android_communication_20260302.mhtml → 10 rows from SensorTower (AU) [Messaging]
2026-03-12 15:02:22,823 - logging_config - INFO - ✅ [33/315] Processed: 0305_AU_sensorTower_apple_music_20260302.mhtml → 10 rows from SensorTower (AU) [Music]
2026-03-12 15:02:23,473 - logging_config - INFO - ✅ [34/315] Processed: 0306_AU_sensorTower_apple_navigation_20260302.mhtml → 10 rows from SensorTower (AU) [Navigation]
2026-03-12 15:02:24,089 - logging_config - INFO - ✅ [35/315] Processed: 0307_AU_sensorTower_apple_social_networking_20260302.mhtml → 10 rows from SensorTower (AU) [Messaging]
2026-03-12 15:02:24,157 - logging_config - INFO - ✅ [36/315] Processed: 0308_AU_Appfigures_android_music_and_audio_20260302.mhtml → 10 rows from appfigures (AU) [Music]
2026-03-12 15:02:24,223 - logging_config - INFO - ✅ [37/315] Processed: 0309_AU_Appfigures_android_maps_and_navigation_20260302.mhtml → 10 rows from appfigures (AU) [Navigation]
2026-03-12 15:02:24,331 - logging_config - INFO - ✅ [38/315] Processed: 0310_AU_Appfigures_android_social_20260302.mhtml → 10 rows from appfigures (AU) [Messaging]
2026-03-12 15:02:24,481 - logging_config - INFO - ✅ [39/315] Processed: 0311_AU_Appfigures_android_communication_20260302.mhtml → 10 rows from appfigures (AU) [Messaging]
2026-03-12 15:02:24,582 - logging_config - INFO - ✅ [40/315] Processed: 0312_AU_Appfigures_apple_music_20260302.mhtml → 10 rows from appfigures (AU) [Music]
2026-03-12 15:02:24,773 - logging_config - INFO - ✅ [41/315] Processed: 0313_AU_Appfigures_apple_navigation_20260302.mhtml → 10 rows from appfigures (AU) [Navigation]
2026-03-12 15:02:24,941 - logging_config - INFO - ✅ [42/315] Processed: 0314_AU_Appfigures_apple_social_networking_20260302.mhtml → 10 rows from appfigures (AU) [Messaging]
2026-03-12 15:02:25,699 - logging_config - INFO - ✅ [43/315] Processed: 0401_ZA_sensorTower_android_music_and_audio_20260302.mhtml → 10 rows from SensorTower (ZA) [Music]
2026-03-12 15:02:26,490 - logging_config - INFO - ✅ [44/315] Processed: 0402_ZA_sensorTower_android_maps_and_navigation_20260302.mhtml → 10 rows from SensorTower (ZA) [Navigation]
2026-03-12 15:02:27,060 - logging_config - INFO - ✅ [45/315] Processed: 0403_ZA_sensorTower_android_social_20260302.mhtml → 10 rows from SensorTower (ZA) [Messaging]
2026-03-12 15:02:28,056 - logging_config - INFO - ✅ [46/315] Processed: 0404_ZA_sensorTower_android_communication_20260302.mhtml → 10 rows from SensorTower (ZA) [Messaging]
2026-03-12 15:02:28,862 - logging_config - INFO - ✅ [47/315] Processed: 0405_ZA_sensorTower_apple_music_20260302.mhtml → 10 rows from SensorTower (ZA) [Music]
2026-03-12 15:02:32,533 - logging_config - WARNING - ⚠️ [48/315] Skipping 0406_ZA_sensorTower_apple_navigation_20260302.mhtml: 0 rows from sensortower (Empty rows)
2026-03-12 15:02:33,191 - logging_config - INFO - ✅ [49/315] Processed: 0407_ZA_sensorTower_apple_social_networking_20260302.mhtml → 10 rows from SensorTower (ZA) [Messaging]
2026-03-12 15:02:33,276 - logging_config - INFO - ✅ [50/315] Processed: 0408_ZA_Appfigures_android_music_and_audio_20260302.mhtml → 10 rows from appfigures (ZA) [Music]
2026-03-12 15:02:33,340 - logging_config - INFO - ✅ [51/315] Processed: 0409_ZA_Appfigures_android_maps_and_navigation_20260302.mhtml → 10 rows from appfigures (ZA) [Navigation]
2026-03-12 15:02:33,449 - logging_config - INFO - ✅ [52/315] Processed: 0410_ZA_Appfigures_android_social_20260302.mhtml → 10 rows from appfigures (ZA) [Messaging]
2026-03-12 15:02:33,509 - logging_config - INFO - ✅ [53/315] Processed: 0411_ZA_Appfigures_android_communication_20260302.mhtml → 10 rows from appfigures (ZA) [Messaging]
2026-03-12 15:02:33,612 - logging_config - INFO - ✅ [54/315] Processed: 0412_ZA_Appfigures_apple_music_20260302.mhtml → 10 rows from appfigures (ZA) [Music]
2026-03-12 15:02:33,750 - logging_config - INFO - ✅ [55/315] Processed: 0413_ZA_Appfigures_apple_navigation_20260302.mhtml → 10 rows from appfigures (ZA) [Navigation]
2026-03-12 15:02:33,823 - logging_config - INFO - ✅ [56/315] Processed: 0414_ZA_Appfigures_apple_social_networking_20260302.mhtml → 10 rows from appfigures (ZA) [Messaging]
2026-03-12 15:02:34,456 - logging_config - INFO - ✅ [57/315] Processed: 0501_EG_sensorTower_android_music_and_audio_20260302.mhtml → 10 rows from SensorTower (EG) [Music]
2026-03-12 15:02:35,089 - logging_config - INFO - ✅ [58/315] Processed: 0502_EG_sensorTower_android_maps_and_navigation_20260302.mhtml → 10 rows from SensorTower (EG) [Navigation]
2026-03-12 15:02:35,604 - logging_config - INFO - ✅ [59/315] Processed: 0503_EG_sensorTower_android_social_20260302.mhtml → 10 rows from SensorTower (EG) [Messaging]
2026-03-12 15:02:36,239 - logging_config - INFO - ✅ [60/315] Processed: 0504_EG_sensorTower_android_communication_20260302.mhtml → 10 rows from SensorTower (EG) [Messaging]
2026-03-12 15:02:36,891 - logging_config - INFO - ✅ [61/315] Processed: 0505_EG_sensorTower_apple_music_20260302.mhtml → 10 rows from SensorTower (EG) [Music]
2026-03-12 15:02:37,623 - logging_config - INFO - ✅ [62/315] Processed: 0506_EG_sensorTower_apple_navigation_20260302.mhtml → 10 rows from SensorTower (EG) [Navigation]
2026-03-12 15:02:38,273 - logging_config - INFO - ✅ [63/315] Processed: 0507_EG_sensorTower_apple_social_networking_20260302.mhtml → 10 rows from SensorTower (EG) [Messaging]
2026-03-12 15:02:38,358 - logging_config - INFO - ✅ [64/315] Processed: 0508_EG_Appfigures_android_music_and_audio_20260302.mhtml → 10 rows from appfigures (EG) [Music]
2026-03-12 15:02:38,476 - logging_config - INFO - ✅ [65/315] Processed: 0509_EG_Appfigures_android_maps_and_navigation_20260302.mhtml → 10 rows from appfigures (EG) [Navigation]
2026-03-12 15:02:38,542 - logging_config - INFO - ✅ [66/315] Processed: 0510_EG_Appfigures_android_social_20260302.mhtml → 10 rows from appfigures (EG) [Messaging]
2026-03-12 15:02:38,639 - logging_config - INFO - ✅ [67/315] Processed: 0511_EG_Appfigures_android_communication_20260302.mhtml → 10 rows from appfigures (EG) [Messaging]
2026-03-12 15:02:38,742 - logging_config - INFO - ✅ [68/315] Processed: 0512_EG_Appfigures_apple_music_20260302.mhtml → 10 rows from appfigures (EG) [Music]
2026-03-12 15:02:38,825 - logging_config - INFO - ✅ [69/315] Processed: 0513_EG_Appfigures_apple_navigation_20260302.mhtml → 10 rows from appfigures (EG) [Navigation]
2026-03-12 15:02:38,907 - logging_config - INFO - ✅ [70/315] Processed: 0514_EG_Appfigures_apple_social_networking_20260302.mhtml → 10 rows from appfigures (EG) [Messaging]
2026-03-12 15:02:39,606 - logging_config - INFO - ✅ [71/315] Processed: 0601_AE_sensorTower_android_music_and_audio_20260302.mhtml → 10 rows from SensorTower (AE) [Music]
2026-03-12 15:02:40,458 - logging_config - INFO - ✅ [72/315] Processed: 0602_AE_sensorTower_android_maps_and_navigation_20260302.mhtml → 10 rows from SensorTower (AE) [Navigation]
2026-03-12 15:02:40,991 - logging_config - INFO - ✅ [73/315] Processed: 0603_AE_sensorTower_android_social_20260302.mhtml → 10 rows from SensorTower (AE) [Messaging]
2026-03-12 15:02:41,677 - logging_config - INFO - ✅ [74/315] Processed: 0604_AE_sensorTower_android_communication_20260302.mhtml → 10 rows from SensorTower (AE) [Messaging]
2026-03-12 15:02:42,340 - logging_config - INFO - ✅ [75/315] Processed: 0605_AE_sensorTower_apple_music_20260302.mhtml → 10 rows from SensorTower (AE) [Music]
2026-03-12 15:02:43,156 - logging_config - INFO - ✅ [76/315] Processed: 0606_AE_sensorTower_apple_navigation_20260302.mhtml → 10 rows from SensorTower (AE) [Navigation]
2026-03-12 15:02:43,889 - logging_config - INFO - ✅ [77/315] Processed: 0607_AE_sensorTower_apple_social_networking_20260302.mhtml → 10 rows from SensorTower (AE) [Messaging]
2026-03-12 15:02:43,989 - logging_config - INFO - ✅ [78/315] Processed: 0608_AE_Appfigures_android_music_and_audio_20260302.mhtml → 10 rows from appfigures (AE) [Music]
2026-03-12 15:02:44,057 - logging_config - INFO - ✅ [79/315] Processed: 0609_AE_Appfigures_android_maps_and_navigation_20260302.mhtml → 10 rows from appfigures (AE) [Navigation]
2026-03-12 15:02:44,125 - logging_config - INFO - ✅ [80/315] Processed: 0610_AE_Appfigures_android_social_20260302.mhtml → 10 rows from appfigures (AE) [Messaging]
2026-03-12 15:02:44,312 - logging_config - INFO - ✅ [81/315] Processed: 0611_AE_Appfigures_android_communication_20260302.mhtml → 10 rows from appfigures (AE) [Messaging]
2026-03-12 15:02:44,391 - logging_config - INFO - ✅ [82/315] Processed: 0612_AE_Appfigures_apple_music_20260302.mhtml → 10 rows from appfigures (AE) [Music]
2026-03-12 15:02:44,456 - logging_config - INFO - ✅ [83/315] Processed: 0613_AE_Appfigures_apple_navigation_20260302.mhtml → 10 rows from appfigures (AE) [Navigation]
2026-03-12 15:02:44,544 - logging_config - INFO - ✅ [84/315] Processed: 0614_AE_Appfigures_apple_social_networking_20260302.mhtml → 10 rows from appfigures (AE) [Messaging]
2026-03-12 15:02:45,156 - logging_config - INFO - ✅ [85/315] Processed: 0701_SA_sensorTower_android_music_and_audio_20260302.mhtml → 10 rows from SensorTower (SA) [Music]
2026-03-12 15:02:45,989 - logging_config - INFO - ✅ [86/315] Processed: 0702_SA_sensorTower_android_maps_and_navigation_20260302.mhtml → 10 rows from SensorTower (SA) [Navigation]
2026-03-12 15:02:47,172 - logging_config - INFO - ✅ [87/315] Processed: 0703_SA_sensorTower_android_social_20260302.mhtml → 10 rows from SensorTower (SA) [Messaging]
2026-03-12 15:02:48,321 - logging_config - INFO - ✅ [88/315] Processed: 0704_SA_sensorTower_android_communication_20260302.mhtml → 10 rows from SensorTower (SA) [Messaging]
2026-03-12 15:02:48,956 - logging_config - INFO - ✅ [89/315] Processed: 0705_SA_sensorTower_apple_music_20260302.mhtml → 10 rows from SensorTower (SA) [Music]
2026-03-12 15:02:49,606 - logging_config - INFO - ✅ [90/315] Processed: 0706_SA_sensorTower_apple_navigation_20260302.mhtml → 10 rows from SensorTower (SA) [Navigation]
2026-03-12 15:02:50,254 - logging_config - INFO - ✅ [91/315] Processed: 0707_SA_sensorTower_apple_social_networking_20260302.mhtml → 10 rows from SensorTower (SA) [Messaging]
2026-03-12 15:02:50,343 - logging_config - INFO - ✅ [92/315] Processed: 0708_SA_Appfigures_android_music_and_audio_20260302.mhtml → 10 rows from appfigures (SA) [Music]
2026-03-12 15:02:50,447 - logging_config - INFO - ✅ [93/315] Processed: 0709_SA_Appfigures_android_maps_and_navigation_20260302.mhtml → 10 rows from appfigures (SA) [Navigation]
2026-03-12 15:02:50,506 - logging_config - INFO - ✅ [94/315] Processed: 0710_SA_Appfigures_android_social_20260302.mhtml → 10 rows from appfigures (SA) [Messaging]
2026-03-12 15:02:50,599 - logging_config - INFO - ✅ [95/315] Processed: 0711_SA_Appfigures_android_communication_20260302.mhtml → 10 rows from appfigures (SA) [Messaging]
2026-03-12 15:02:50,673 - logging_config - INFO - ✅ [96/315] Processed: 0712_SA_Appfigures_apple_music_20260302.mhtml → 10 rows from appfigures (SA) [Music]
2026-03-12 15:02:50,789 - logging_config - INFO - ✅ [97/315] Processed: 0713_SA_Appfigures_apple_navigation_20260302.mhtml → 10 rows from appfigures (SA) [Navigation]
2026-03-12 15:02:50,877 - logging_config - INFO - ✅ [98/315] Processed: 0714_SA_Appfigures_apple_social_networking_20260302.mhtml → 10 rows from appfigures (SA) [Messaging]
2026-03-12 15:02:54,406 - logging_config - WARNING - ⚠️ [99/315] Skipping 0801_BR_sensorTower_android_music_and_audio_20260302.mhtml: 0 rows from sensortower (Empty rows)
2026-03-12 15:02:55,055 - logging_config - INFO - ✅ [100/315] Processed: 0802_BR_sensorTower_android_maps_and_navigation_20260302.mhtml → 10 rows from SensorTower (BR) [Navigation]
2026-03-12 15:02:55,582 - logging_config - INFO - ✅ [101/315] Processed: 0803_BR_sensorTower_android_social_20260302.mhtml → 10 rows from SensorTower (BR) [Messaging]
2026-03-12 15:02:56,102 - logging_config - INFO - ✅ [102/315] Processed: 0804_BR_sensorTower_android_communication_20260302.mhtml → 10 rows from SensorTower (BR) [Messaging]
2026-03-12 15:02:56,823 - logging_config - INFO - ✅ [103/315] Processed: 0805_BR_sensorTower_apple_music_20260302.mhtml → 10 rows from SensorTower (BR) [Music]
2026-03-12 15:02:57,522 - logging_config - INFO - ✅ [104/315] Processed: 0806_BR_sensorTower_apple_navigation_20260302.mhtml → 10 rows from SensorTower (BR) [Navigation]
2026-03-12 15:02:58,239 - logging_config - INFO - ✅ [105/315] Processed: 0807_BR_sensorTower_apple_social_networking_20260302.mhtml → 10 rows from SensorTower (BR) [Messaging]
2026-03-12 15:02:58,309 - logging_config - INFO - ✅ [106/315] Processed: 0808_BR_Appfigures_android_music_and_audio_20260302.mhtml → 10 rows from appfigures (BR) [Music]
2026-03-12 15:02:58,417 - logging_config - INFO - ✅ [107/315] Processed: 0809_BR_Appfigures_android_maps_and_navigation_20260302.mhtml → 10 rows from appfigures (BR) [Navigation]
2026-03-12 15:02:58,474 - logging_config - INFO - ✅ [108/315] Processed: 0810_BR_Appfigures_android_social_20260302.mhtml → 10 rows from appfigures (BR) [Messaging]
2026-03-12 15:02:58,587 - logging_config - INFO - ✅ [109/315] Processed: 0811_BR_Appfigures_android_communication_20260302.mhtml → 10 rows from appfigures (BR) [Messaging]
2026-03-12 15:02:58,722 - logging_config - INFO - ✅ [110/315] Processed: 0812_BR_Appfigures_apple_music_20260302.mhtml → 10 rows from appfigures (BR) [Music]
2026-03-12 15:02:58,811 - logging_config - INFO - ✅ [111/315] Processed: 0813_BR_Appfigures_apple_navigation_20260302.mhtml → 10 rows from appfigures (BR) [Navigation]
2026-03-12 15:02:58,901 - logging_config - INFO - ✅ [112/315] Processed: 0814_BR_Appfigures_apple_social_networking_20260302.mhtml → 10 rows from appfigures (BR) [Messaging]
2026-03-12 15:02:59,606 - logging_config - INFO - ✅ [113/315] Processed: 0901_MX_sensorTower_android_music_and_audio_20260302.mhtml → 10 rows from SensorTower (MX) [Music]
2026-03-12 15:03:00,368 - logging_config - INFO - ✅ [114/315] Processed: 0902_MX_sensorTower_android_maps_and_navigation_20260302.mhtml → 10 rows from SensorTower (MX) [Navigation]
2026-03-12 15:03:00,849 - logging_config - INFO - ✅ [115/315] Processed: 0903_MX_sensorTower_android_social_20260302.mhtml → 10 rows from SensorTower (MX) [Messaging]
2026-03-12 15:03:01,572 - logging_config - INFO - ✅ [116/315] Processed: 0904_MX_sensorTower_android_communication_20260302.mhtml → 10 rows from SensorTower (MX) [Messaging]
2026-03-12 15:03:02,356 - logging_config - INFO - ✅ [117/315] Processed: 0905_MX_sensorTower_apple_music_20260302.mhtml → 10 rows from SensorTower (MX) [Music]
2026-03-12 15:03:03,206 - logging_config - INFO - ✅ [118/315] Processed: 0906_MX_sensorTower_apple_navigation_20260302.mhtml → 10 rows from SensorTower (MX) [Navigation]
2026-03-12 15:03:03,956 - logging_config - INFO - ✅ [119/315] Processed: 0907_MX_sensorTower_apple_social_networking_20260302.mhtml → 10 rows from SensorTower (MX) [Messaging]
2026-03-12 15:03:04,051 - logging_config - INFO - ✅ [120/315] Processed: 0908_MX_Appfigures_android_music_and_audio_20260302.mhtml → 10 rows from appfigures (MX) [Music]
2026-03-12 15:03:04,156 - logging_config - INFO - ✅ [121/315] Processed: 0909_MX_Appfigures_android_maps_and_navigation_20260302.mhtml → 10 rows from appfigures (MX) [Navigation]
2026-03-12 15:03:04,224 - logging_config - INFO - ✅ [122/315] Processed: 0910_MX_Appfigures_android_social_20260302.mhtml → 10 rows from appfigures (MX) [Messaging]
2026-03-12 15:03:04,346 - logging_config - INFO - ✅ [123/315] Processed: 0911_MX_Appfigures_android_communication_20260302.mhtml → 10 rows from appfigures (MX) [Messaging]
2026-03-12 15:03:04,423 - logging_config - INFO - ✅ [124/315] Processed: 0912_MX_Appfigures_apple_music_20260302.mhtml → 10 rows from appfigures (MX) [Music]
2026-03-12 15:03:04,530 - logging_config - INFO - ✅ [125/315] Processed: 0913_MX_Appfigures_apple_navigation_20260302.mhtml → 10 rows from appfigures (MX) [Navigation]
2026-03-12 15:03:04,625 - logging_config - INFO - ✅ [126/315] Processed: 0914_MX_Appfigures_apple_social_networking_20260302.mhtml → 10 rows from appfigures (MX) [Messaging]
2026-03-12 15:03:05,323 - logging_config - INFO - ✅ [127/315] Processed: 1001_TH_sensorTower_android_music_and_audio_20260302.mhtml → 10 rows from SensorTower (TH) [Music]
2026-03-12 15:03:06,040 - logging_config - INFO - ✅ [128/315] Processed: 1002_TH_sensorTower_android_maps_and_navigation_20260302.mhtml → 10 rows from SensorTower (TH) [Navigation]
2026-03-12 15:03:06,548 - logging_config - INFO - ✅ [129/315] Processed: 1003_TH_sensorTower_android_social_20260302.mhtml → 10 rows from SensorTower (TH) [Messaging]
2026-03-12 15:03:07,257 - logging_config - INFO - ✅ [130/315] Processed: 1004_TH_sensorTower_android_communication_20260302.mhtml → 10 rows from SensorTower (TH) [Messaging]
2026-03-12 15:03:07,980 - logging_config - INFO - ✅ [131/315] Processed: 1005_TH_sensorTower_apple_music_20260302.mhtml → 10 rows from SensorTower (TH) [Music]
2026-03-12 15:03:08,640 - logging_config - INFO - ✅ [132/315] Processed: 1006_TH_sensorTower_apple_navigation_20260302.mhtml → 10 rows from SensorTower (TH) [Navigation]
2026-03-12 15:03:09,356 - logging_config - INFO - ✅ [133/315] Processed: 1007_TH_sensorTower_apple_social_networking_20260302.mhtml → 10 rows from SensorTower (TH) [Messaging]
2026-03-12 15:03:09,474 - logging_config - INFO - ✅ [134/315] Processed: 1008_TH_Appfigures_android_music_and_audio_20260302.mhtml → 10 rows from appfigures (TH) [Music]
2026-03-12 15:03:09,606 - logging_config - INFO - ✅ [135/315] Processed: 1009_TH_Appfigures_android_maps_and_navigation_20260302.mhtml → 10 rows from appfigures (TH) [Navigation]
2026-03-12 15:03:09,673 - logging_config - INFO - ✅ [136/315] Processed: 1010_TH_Appfigures_android_social_20260302.mhtml → 10 rows from appfigures (TH) [Messaging]
2026-03-12 15:03:09,763 - logging_config - INFO - ✅ [137/315] Processed: 1011_TH_Appfigures_android_communication_20260302.mhtml → 10 rows from appfigures (TH) [Messaging]
2026-03-12 15:03:09,883 - logging_config - INFO - ✅ [138/315] Processed: 1012_TH_Appfigures_apple_music_20260302.mhtml → 10 rows from appfigures (TH) [Music]
2026-03-12 15:03:09,963 - logging_config - INFO - ✅ [139/315] Processed: 1013_TH_Appfigures_apple_navigation_20260302.mhtml → 10 rows from appfigures (TH) [Navigation]
2026-03-12 15:03:10,050 - logging_config - INFO - ✅ [140/315] Processed: 1014_TH_Appfigures_apple_social_networking_20260302.mhtml → 10 rows from appfigures (TH) [Messaging]
2026-03-12 15:03:10,722 - logging_config - INFO - ✅ [141/315] Processed: 1101_IN_sensorTower_android_music_and_audio_20260302.mhtml → 10 rows from SensorTower (IN) [Music]
2026-03-12 15:03:11,439 - logging_config - INFO - ✅ [142/315] Processed: 1102_IN_sensorTower_android_maps_and_navigation_20260302.mhtml → 10 rows from SensorTower (IN) [Navigation]
2026-03-12 15:03:11,901 - logging_config - INFO - ✅ [143/315] Processed: 1103_IN_sensorTower_android_social_20260302.mhtml → 10 rows from SensorTower (IN) [Messaging]
2026-03-12 15:03:12,623 - logging_config - INFO - ✅ [144/315] Processed: 1104_IN_sensorTower_android_communication_20260302.mhtml → 10 rows from SensorTower (IN) [Messaging]
2026-03-12 15:03:13,289 - logging_config - INFO - ✅ [145/315] Processed: 1105_IN_sensorTower_apple_music_20260302.mhtml → 10 rows from SensorTower (IN) [Music]
2026-03-12 15:03:14,006 - logging_config - INFO - ✅ [146/315] Processed: 1106_IN_sensorTower_apple_navigation_20260302.mhtml → 10 rows from SensorTower (IN) [Navigation]
2026-03-12 15:03:14,673 - logging_config - INFO - ✅ [147/315] Processed: 1107_IN_sensorTower_apple_social_networking_20260302.mhtml → 10 rows from SensorTower (IN) [Messaging]
2026-03-12 15:03:14,756 - logging_config - INFO - ✅ [148/315] Processed: 1108_IN_Appfigures_android_music_and_audio_20260302.mhtml → 10 rows from appfigures (IN) [Music]
2026-03-12 15:03:14,841 - logging_config - INFO - ✅ [149/315] Processed: 1109_IN_Appfigures_android_maps_and_navigation_20260302.mhtml → 10 rows from appfigures (IN) [Navigation]
2026-03-12 15:03:14,905 - logging_config - INFO - ✅ [150/315] Processed: 1110_IN_Appfigures_android_social_20260302.mhtml → 10 rows from appfigures (IN) [Messaging]
2026-03-12 15:03:15,037 - logging_config - INFO - ✅ [151/315] Processed: 1111_IN_Appfigures_android_communication_20260302.mhtml → 10 rows from appfigures (IN) [Messaging]
2026-03-12 15:03:15,117 - logging_config - INFO - ✅ [152/315] Processed: 1112_IN_Appfigures_apple_music_20260302.mhtml → 10 rows from appfigures (IN) [Music]
2026-03-12 15:03:15,191 - logging_config - INFO - ✅ [153/315] Processed: 1113_IN_Appfigures_apple_navigation_20260302.mhtml → 10 rows from appfigures (IN) [Navigation]
2026-03-12 15:03:15,354 - logging_config - INFO - ✅ [154/315] Processed: 1114_IN_Appfigures_apple_social_networking_20260302.mhtml → 10 rows from appfigures (IN) [Messaging]
2026-03-12 15:03:15,534 - logging_config - INFO - ✅ [155/315] Processed: 1201_CN_AppFollow_android_Music_and_Audio_20260302.mhtml → 10 rows from appfollow (CN) [Music]
2026-03-12 15:03:15,766 - logging_config - INFO - ✅ [156/315] Processed: 1202_CN_AppFollow_android_Maps_and_Navigation_20260302.mhtml → 10 rows from appfollow (CN) [Navigation]
2026-03-12 15:03:15,936 - logging_config - INFO - ✅ [157/315] Processed: 1203_CN_AppFollow_android_Social_20260302.mhtml → 10 rows from appfollow (CN) [Messaging]
2026-03-12 15:03:16,102 - logging_config - INFO - ✅ [158/315] Processed: 1204_CN_AppFollow_android_Communication_20260302.mhtml → 10 rows from appfollow (CN) [Messaging]
2026-03-12 15:03:16,238 - logging_config - INFO - ✅ [159/315] Processed: 1205_CN_AppFollow_apple_Music_20260302.mhtml → 10 rows from appfollow (CN) [Music]
2026-03-12 15:03:16,409 - logging_config - INFO - ✅ [160/315] Processed: 1206_CN_AppFollow_apple_Navigation_20260302.mhtml → 10 rows from appfollow (CN) [Navigation]
2026-03-12 15:03:16,540 - logging_config - INFO - ✅ [161/315] Processed: 1207_CN_AppFollow_apple_Social_Networking_20260302.mhtml → 10 rows from appfollow (CN) [Messaging]
2026-03-12 15:03:16,711 - logging_config - INFO - ✅ [162/315] Processed: 1208_CN_SimilarWeb1_apple_Music_20260302.mhtml → 10 rows from similarweb (CN) [Music]
2026-03-12 15:03:16,806 - logging_config - INFO - ✅ [163/315] Processed: 1209_CN_SimilarWeb1_apple_Navigation_20260302.mhtml → 10 rows from similarweb (CN) [Navigation]
2026-03-12 15:03:16,976 - logging_config - INFO - ✅ [164/315] Processed: 1210_CN_SimilarWeb1_apple_Social_Networking_20260302.mhtml → 10 rows from similarweb (CN) [Messaging]
2026-03-12 15:03:17,722 - logging_config - INFO - ✅ [165/315] Processed: 1211_CN_sensorTower_android_music_and_audio_20260302.mhtml → 10 rows from SensorTower (CN) [Music]
2026-03-12 15:03:18,496 - logging_config - INFO - ✅ [166/315] Processed: 1212_CN_sensorTower_apple_music_20260302.mhtml → 10 rows from SensorTower (CN) [Music]
2026-03-12 15:03:19,197 - logging_config - INFO - ✅ [167/315] Processed: 1213_CN_sensorTower_apple_navigation_20260302.mhtml → 10 rows from SensorTower (CN) [Navigation]
2026-03-12 15:03:19,205 - logging_config - WARNING - ⏹️ Scraping stopped by user
2026-03-12 15:03:19,205 - logging_config - INFO -    ✅ Completed: 165 files successfully
2026-03-12 15:03:19,206 - logging_config - INFO -    ⏸️ Stopped at: 1214_CN_sensorTower_apple_social_networking_20260302.mhtml
2026-03-12 15:03:19,620 - logging_config - INFO - 📝 Saved workbook: d:\UNIFIED_SYSTEM_AUTOMATION\AUTOMATION FILE\All_platforms.xlsx
2026-03-12 15:03:19,620 - logging_config - INFO - 
==================================================
2026-03-12 15:03:19,620 - logging_config - INFO - ✅ SCRAPING COMPLETE
2026-03-12 15:03:19,620 - logging_config - INFO -    Directory: D:/AUTOMATION_FILE/AUTOMATION_2026-03-02
2026-03-12 15:03:19,620 - logging_config - INFO -    Output: d:\UNIFIED_SYSTEM_AUTOMATION\AUTOMATION FILE\All_platforms.xlsx
2026-03-12 15:03:19,620 - logging_config - INFO -    Total files: 315
2026-03-12 15:03:19,620 - logging_config - INFO -    Successful: 165
2026-03-12 15:03:19,620 - logging_config - INFO -    Failed: 2
2026-03-12 15:03:19,620 - logging_config - INFO -    ⏹️ Stopped by user
2026-03-12 15:03:19,620 - logging_config - INFO - ==================================================
2026-03-12 15:03:19,635 - logging_config - INFO -    - Music: 480 row(s)
2026-03-12 15:03:19,635 - logging_config - INFO -    - Navigation: 470 row(s)
2026-03-12 15:03:19,635 - logging_config - INFO -    - Messaging: 700 row(s)
2026-03-12 15:06:53,669 - logging_config - INFO - 🔍 Found 315 MHTML files to process
2026-03-12 15:06:54,401 - logging_config - INFO - ✅ [1/315] Processed: 0101_US_sensorTower_android_music_and_audio_20260302.mhtml → 10 rows from SensorTower (US) [Music]
2026-03-12 15:06:55,021 - logging_config - INFO - ✅ [2/315] Processed: 0102_US_sensorTower_android_maps_and_navigation_20260302.mhtml → 10 rows from SensorTower (US) [Navigation]
2026-03-12 15:06:55,496 - logging_config - INFO - ✅ [3/315] Processed: 0103_US_sensorTower_android_social_20260302.mhtml → 10 rows from SensorTower (US) [Messaging]
2026-03-12 15:06:56,037 - logging_config - INFO - ✅ [4/315] Processed: 0104_US_sensorTower_android_communication_20260302.mhtml → 10 rows from SensorTower (US) [Messaging]
2026-03-12 15:06:56,680 - logging_config - INFO - ✅ [5/315] Processed: 0105_US_sensorTower_apple_music_20260302.mhtml → 10 rows from SensorTower (US) [Music]
2026-03-12 15:06:57,297 - logging_config - INFO - ✅ [6/315] Processed: 0106_US_sensorTower_apple_navigation_20260302.mhtml → 10 rows from SensorTower (US) [Navigation]
2026-03-12 15:06:57,913 - logging_config - INFO - ✅ [7/315] Processed: 0107_US_sensorTower_apple_social_networking_20260302.mhtml → 10 rows from SensorTower (US) [Messaging]
2026-03-12 15:06:58,050 - logging_config - INFO - ✅ [8/315] Processed: 0108_US_Appfigures_android_music_and_audio_20260302.mhtml → 10 rows from appfigures (US) [Music]
2026-03-12 15:06:58,133 - logging_config - INFO - ✅ [9/315] Processed: 0109_US_Appfigures_android_maps_and_navigation_20260302.mhtml → 10 rows from appfigures (US) [Navigation]
2026-03-12 15:06:58,246 - logging_config - INFO - ✅ [10/315] Processed: 0110_US_Appfigures_android_social_20260302.mhtml → 10 rows from appfigures (US) [Messaging]
2026-03-12 15:06:58,315 - logging_config - INFO - ✅ [11/315] Processed: 0111_US_Appfigures_android_communication_20260302.mhtml → 10 rows from appfigures (US) [Messaging]
2026-03-12 15:06:58,525 - logging_config - INFO - ✅ [12/315] Processed: 0112_US_Appfigures_apple_music_20260302.mhtml → 10 rows from appfigures (US) [Music]
2026-03-12 15:06:58,622 - logging_config - INFO - ✅ [13/315] Processed: 0113_US_Appfigures_apple_navigation_20260302.mhtml → 10 rows from appfigures (US) [Navigation]
2026-03-12 15:06:58,698 - logging_config - INFO - ✅ [14/315] Processed: 0114_US_Appfigures_apple_social_networking_20260302.mhtml → 10 rows from appfigures (US) [Messaging]
2026-03-12 15:06:59,296 - logging_config - INFO - ✅ [15/315] Processed: 0201_CA_sensorTower_android_music_and_audio_20260302.mhtml → 10 rows from SensorTower (CA) [Music]
2026-03-12 15:06:59,748 - logging_config - INFO - ✅ [16/315] Processed: 0202_CA_sensorTower_android_maps_and_navigation_20260302.mhtml → 10 rows from SensorTower (CA) [Navigation]
2026-03-12 15:07:00,208 - logging_config - INFO - ✅ [17/315] Processed: 0203_CA_sensorTower_android_social_20260302.mhtml → 10 rows from SensorTower (CA) [Messaging]
2026-03-12 15:07:00,644 - logging_config - INFO - ✅ [18/315] Processed: 0204_CA_sensorTower_android_communication_20260302.mhtml → 10 rows from SensorTower (CA) [Messaging]
2026-03-12 15:07:01,296 - logging_config - INFO - ✅ [19/315] Processed: 0205_CA_sensorTower_apple_music_20260302.mhtml → 10 rows from SensorTower (CA) [Music]
2026-03-12 15:07:01,913 - logging_config - INFO - ✅ [20/315] Processed: 0206_CA_sensorTower_apple_navigation_20260302.mhtml → 10 rows from SensorTower (CA) [Navigation]
2026-03-12 15:07:02,535 - logging_config - INFO - ✅ [21/315] Processed: 0207_CA_sensorTower_apple_social_networking_20260302.mhtml → 10 rows from SensorTower (CA) [Messaging]
2026-03-12 15:07:02,614 - logging_config - INFO - ✅ [22/315] Processed: 0208_CA_Appfigures_android_music_and_audio_20260302.mhtml → 10 rows from appfigures (CA) [Music]
2026-03-12 15:07:02,706 - logging_config - INFO - ✅ [23/315] Processed: 0209_CA_Appfigures_android_maps_and_navigation_20260302.mhtml → 10 rows from appfigures (CA) [Navigation]
2026-03-12 15:07:02,764 - logging_config - INFO - ✅ [24/315] Processed: 0210_CA_Appfigures_android_social_20260302.mhtml → 10 rows from appfigures (CA) [Messaging]
2026-03-12 15:07:02,857 - logging_config - INFO - ✅ [25/315] Processed: 0211_CA_Appfigures_android_communication_20260302.mhtml → 10 rows from appfigures (CA) [Messaging]
2026-03-12 15:07:02,980 - logging_config - INFO - ✅ [26/315] Processed: 0212_CA_Appfigures_apple_music_20260302.mhtml → 10 rows from appfigures (CA) [Music]
2026-03-12 15:07:03,086 - logging_config - INFO - ✅ [27/315] Processed: 0213_CA_Appfigures_apple_navigation_20260302.mhtml → 10 rows from appfigures (CA) [Navigation]
2026-03-12 15:07:03,147 - logging_config - INFO - ✅ [28/315] Processed: 0214_CA_Appfigures_apple_social_networking_20260302.mhtml → 10 rows from appfigures (CA) [Messaging]
2026-03-12 15:07:03,713 - logging_config - INFO - ✅ [29/315] Processed: 0301_AU_sensorTower_android_music_and_audio_20260302.mhtml → 10 rows from SensorTower (AU) [Music]
2026-03-12 15:07:04,159 - logging_config - INFO - ✅ [30/315] Processed: 0302_AU_sensorTower_android_maps_and_navigation_20260302.mhtml → 10 rows from SensorTower (AU) [Navigation]
2026-03-12 15:07:04,620 - logging_config - INFO - ✅ [31/315] Processed: 0303_AU_sensorTower_android_social_20260302.mhtml → 10 rows from SensorTower (AU) [Messaging]
2026-03-12 15:07:05,045 - logging_config - INFO - ✅ [32/315] Processed: 0304_AU_sensorTower_android_communication_20260302.mhtml → 10 rows from SensorTower (AU) [Messaging]
2026-03-12 15:07:05,663 - logging_config - INFO - ✅ [33/315] Processed: 0305_AU_sensorTower_apple_music_20260302.mhtml → 10 rows from SensorTower (AU) [Music]
2026-03-12 15:07:06,296 - logging_config - INFO - ✅ [34/315] Processed: 0306_AU_sensorTower_apple_navigation_20260302.mhtml → 10 rows from SensorTower (AU) [Navigation]
2026-03-12 15:07:06,896 - logging_config - INFO - ✅ [35/315] Processed: 0307_AU_sensorTower_apple_social_networking_20260302.mhtml → 10 rows from SensorTower (AU) [Messaging]
2026-03-12 15:07:06,985 - logging_config - INFO - ✅ [36/315] Processed: 0308_AU_Appfigures_android_music_and_audio_20260302.mhtml → 10 rows from appfigures (AU) [Music]
2026-03-12 15:07:07,080 - logging_config - INFO - ✅ [37/315] Processed: 0309_AU_Appfigures_android_maps_and_navigation_20260302.mhtml → 10 rows from appfigures (AU) [Navigation]
2026-03-12 15:07:07,147 - logging_config - INFO - ✅ [38/315] Processed: 0310_AU_Appfigures_android_social_20260302.mhtml → 10 rows from appfigures (AU) [Messaging]
2026-03-12 15:07:07,279 - logging_config - INFO - ✅ [39/315] Processed: 0311_AU_Appfigures_android_communication_20260302.mhtml → 10 rows from appfigures (AU) [Messaging]
2026-03-12 15:07:07,427 - logging_config - INFO - ✅ [40/315] Processed: 0312_AU_Appfigures_apple_music_20260302.mhtml → 10 rows from appfigures (AU) [Music]
2026-03-12 15:07:07,517 - logging_config - INFO - ✅ [41/315] Processed: 0313_AU_Appfigures_apple_navigation_20260302.mhtml → 10 rows from appfigures (AU) [Navigation]
2026-03-12 15:07:07,607 - logging_config - INFO - ✅ [42/315] Processed: 0314_AU_Appfigures_apple_social_networking_20260302.mhtml → 10 rows from appfigures (AU) [Messaging]
2026-03-12 15:07:08,497 - logging_config - INFO - ✅ [43/315] Processed: 0401_ZA_sensorTower_android_music_and_audio_20260302.mhtml → 10 rows from SensorTower (ZA) [Music]
2026-03-12 15:07:09,130 - logging_config - INFO - ✅ [44/315] Processed: 0402_ZA_sensorTower_android_maps_and_navigation_20260302.mhtml → 10 rows from SensorTower (ZA) [Navigation]
2026-03-12 15:07:09,529 - logging_config - INFO - ✅ [45/315] Processed: 0403_ZA_sensorTower_android_social_20260302.mhtml → 10 rows from SensorTower (ZA) [Messaging]
2026-03-12 15:07:10,180 - logging_config - INFO - ✅ [46/315] Processed: 0404_ZA_sensorTower_android_communication_20260302.mhtml → 10 rows from SensorTower (ZA) [Messaging]
2026-03-12 15:07:10,830 - logging_config - INFO - ✅ [47/315] Processed: 0405_ZA_sensorTower_apple_music_20260302.mhtml → 10 rows from SensorTower (ZA) [Music]
2026-03-12 15:07:14,385 - logging_config - WARNING - ⚠️ [48/315] Skipping 0406_ZA_sensorTower_apple_navigation_20260302.mhtml: 0 rows from sensortower (Empty rows)
2026-03-12 15:07:15,024 - logging_config - INFO - ✅ [49/315] Processed: 0407_ZA_sensorTower_apple_social_networking_20260302.mhtml → 10 rows from SensorTower (ZA) [Messaging]
2026-03-12 15:07:15,108 - logging_config - INFO - ✅ [50/315] Processed: 0408_ZA_Appfigures_android_music_and_audio_20260302.mhtml → 10 rows from appfigures (ZA) [Music]
2026-03-12 15:07:15,209 - logging_config - INFO - ✅ [51/315] Processed: 0409_ZA_Appfigures_android_maps_and_navigation_20260302.mhtml → 10 rows from appfigures (ZA) [Navigation]
2026-03-12 15:07:15,265 - logging_config - INFO - ✅ [52/315] Processed: 0410_ZA_Appfigures_android_social_20260302.mhtml → 10 rows from appfigures (ZA) [Messaging]
2026-03-12 15:07:15,377 - logging_config - INFO - ✅ [53/315] Processed: 0411_ZA_Appfigures_android_communication_20260302.mhtml → 10 rows from appfigures (ZA) [Messaging]
2026-03-12 15:07:15,448 - logging_config - INFO - ✅ [54/315] Processed: 0412_ZA_Appfigures_apple_music_20260302.mhtml → 10 rows from appfigures (ZA) [Music]
2026-03-12 15:07:15,514 - logging_config - INFO - ✅ [55/315] Processed: 0413_ZA_Appfigures_apple_navigation_20260302.mhtml → 10 rows from appfigures (ZA) [Navigation]
2026-03-12 15:07:15,681 - logging_config - INFO - ✅ [56/315] Processed: 0414_ZA_Appfigures_apple_social_networking_20260302.mhtml → 10 rows from appfigures (ZA) [Messaging]
2026-03-12 15:07:16,230 - logging_config - INFO - ✅ [57/315] Processed: 0501_EG_sensorTower_android_music_and_audio_20260302.mhtml → 10 rows from SensorTower (EG) [Music]
2026-03-12 15:07:16,880 - logging_config - INFO - ✅ [58/315] Processed: 0502_EG_sensorTower_android_maps_and_navigation_20260302.mhtml → 10 rows from SensorTower (EG) [Navigation]
2026-03-12 15:07:17,328 - logging_config - INFO - ✅ [59/315] Processed: 0503_EG_sensorTower_android_social_20260302.mhtml → 10 rows from SensorTower (EG) [Messaging]
2026-03-12 15:07:17,963 - logging_config - INFO - ✅ [60/315] Processed: 0504_EG_sensorTower_android_communication_20260302.mhtml → 10 rows from SensorTower (EG) [Messaging]
2026-03-12 15:07:18,580 - logging_config - INFO - ✅ [61/315] Processed: 0505_EG_sensorTower_apple_music_20260302.mhtml → 10 rows from SensorTower (EG) [Music]
2026-03-12 15:07:19,213 - logging_config - INFO - ✅ [62/315] Processed: 0506_EG_sensorTower_apple_navigation_20260302.mhtml → 10 rows from SensorTower (EG) [Navigation]
2026-03-12 15:07:19,797 - logging_config - INFO - ✅ [63/315] Processed: 0507_EG_sensorTower_apple_social_networking_20260302.mhtml → 10 rows from SensorTower (EG) [Messaging]
2026-03-12 15:07:19,971 - logging_config - INFO - ✅ [64/315] Processed: 0508_EG_Appfigures_android_music_and_audio_20260302.mhtml → 10 rows from appfigures (EG) [Music]
2026-03-12 15:07:20,064 - logging_config - INFO - ✅ [65/315] Processed: 0509_EG_Appfigures_android_maps_and_navigation_20260302.mhtml → 10 rows from appfigures (EG) [Navigation]
2026-03-12 15:07:20,116 - logging_config - INFO - ✅ [66/315] Processed: 0510_EG_Appfigures_android_social_20260302.mhtml → 10 rows from appfigures (EG) [Messaging]
2026-03-12 15:07:20,240 - logging_config - INFO - ✅ [67/315] Processed: 0511_EG_Appfigures_android_communication_20260302.mhtml → 10 rows from appfigures (EG) [Messaging]
2026-03-12 15:07:20,299 - logging_config - INFO - ✅ [68/315] Processed: 0512_EG_Appfigures_apple_music_20260302.mhtml → 10 rows from appfigures (EG) [Music]
2026-03-12 15:07:20,404 - logging_config - INFO - ✅ [69/315] Processed: 0513_EG_Appfigures_apple_navigation_20260302.mhtml → 10 rows from appfigures (EG) [Navigation]
2026-03-12 15:07:20,487 - logging_config - INFO - ✅ [70/315] Processed: 0514_EG_Appfigures_apple_social_networking_20260302.mhtml → 10 rows from appfigures (EG) [Messaging]
2026-03-12 15:07:21,114 - logging_config - INFO - ✅ [71/315] Processed: 0601_AE_sensorTower_android_music_and_audio_20260302.mhtml → 10 rows from SensorTower (AE) [Music]
2026-03-12 15:07:21,730 - logging_config - INFO - ✅ [72/315] Processed: 0602_AE_sensorTower_android_maps_and_navigation_20260302.mhtml → 10 rows from SensorTower (AE) [Navigation]
2026-03-12 15:07:22,224 - logging_config - INFO - ✅ [73/315] Processed: 0603_AE_sensorTower_android_social_20260302.mhtml → 10 rows from SensorTower (AE) [Messaging]
2026-03-12 15:07:22,797 - logging_config - INFO - ✅ [74/315] Processed: 0604_AE_sensorTower_android_communication_20260302.mhtml → 10 rows from SensorTower (AE) [Messaging]
2026-03-12 15:07:23,447 - logging_config - INFO - ✅ [75/315] Processed: 0605_AE_sensorTower_apple_music_20260302.mhtml → 10 rows from SensorTower (AE) [Music]
2026-03-12 15:07:24,080 - logging_config - INFO - ✅ [76/315] Processed: 0606_AE_sensorTower_apple_navigation_20260302.mhtml → 10 rows from SensorTower (AE) [Navigation]
2026-03-12 15:07:24,714 - logging_config - INFO - ✅ [77/315] Processed: 0607_AE_sensorTower_apple_social_networking_20260302.mhtml → 10 rows from SensorTower (AE) [Messaging]
2026-03-12 15:07:24,799 - logging_config - INFO - ✅ [78/315] Processed: 0608_AE_Appfigures_android_music_and_audio_20260302.mhtml → 10 rows from appfigures (AE) [Music]
2026-03-12 15:07:24,900 - logging_config - INFO - ✅ [79/315] Processed: 0609_AE_Appfigures_android_maps_and_navigation_20260302.mhtml → 10 rows from appfigures (AE) [Navigation]
2026-03-12 15:07:24,969 - logging_config - INFO - ✅ [80/315] Processed: 0610_AE_Appfigures_android_social_20260302.mhtml → 10 rows from appfigures (AE) [Messaging]
2026-03-12 15:07:25,075 - logging_config - INFO - ✅ [81/315] Processed: 0611_AE_Appfigures_android_communication_20260302.mhtml → 10 rows from appfigures (AE) [Messaging]
2026-03-12 15:07:25,212 - logging_config - INFO - ✅ [82/315] Processed: 0612_AE_Appfigures_apple_music_20260302.mhtml → 10 rows from appfigures (AE) [Music]
2026-03-12 15:07:25,301 - logging_config - INFO - ✅ [83/315] Processed: 0613_AE_Appfigures_apple_navigation_20260302.mhtml → 10 rows from appfigures (AE) [Navigation]
2026-03-12 15:07:25,460 - logging_config - INFO - ✅ [84/315] Processed: 0614_AE_Appfigures_apple_social_networking_20260302.mhtml → 10 rows from appfigures (AE) [Messaging]
2026-03-12 15:07:26,082 - logging_config - INFO - ✅ [85/315] Processed: 0701_SA_sensorTower_android_music_and_audio_20260302.mhtml → 10 rows from SensorTower (SA) [Music]
2026-03-12 15:07:26,714 - logging_config - INFO - ✅ [86/315] Processed: 0702_SA_sensorTower_android_maps_and_navigation_20260302.mhtml → 10 rows from SensorTower (SA) [Navigation]
2026-03-12 15:07:27,145 - logging_config - INFO - ✅ [87/315] Processed: 0703_SA_sensorTower_android_social_20260302.mhtml → 10 rows from SensorTower (SA) [Messaging]
2026-03-12 15:07:27,814 - logging_config - INFO - ✅ [88/315] Processed: 0704_SA_sensorTower_android_communication_20260302.mhtml → 10 rows from SensorTower (SA) [Messaging]
2026-03-12 15:07:28,447 - logging_config - INFO - ✅ [89/315] Processed: 0705_SA_sensorTower_apple_music_20260302.mhtml → 10 rows from SensorTower (SA) [Music]
2026-03-12 15:07:29,114 - logging_config - INFO - ✅ [90/315] Processed: 0706_SA_sensorTower_apple_navigation_20260302.mhtml → 10 rows from SensorTower (SA) [Navigation]
2026-03-12 15:07:29,731 - logging_config - INFO - ✅ [91/315] Processed: 0707_SA_sensorTower_apple_social_networking_20260302.mhtml → 10 rows from SensorTower (SA) [Messaging]
2026-03-12 15:07:29,832 - logging_config - INFO - ✅ [92/315] Processed: 0708_SA_Appfigures_android_music_and_audio_20260302.mhtml → 10 rows from appfigures (SA) [Music]
2026-03-12 15:07:29,937 - logging_config - INFO - ✅ [93/315] Processed: 0709_SA_Appfigures_android_maps_and_navigation_20260302.mhtml → 10 rows from appfigures (SA) [Navigation]
2026-03-12 15:07:30,011 - logging_config - INFO - ✅ [94/315] Processed: 0710_SA_Appfigures_android_social_20260302.mhtml → 10 rows from appfigures (SA) [Messaging]
2026-03-12 15:07:30,108 - logging_config - INFO - ✅ [95/315] Processed: 0711_SA_Appfigures_android_communication_20260302.mhtml → 10 rows from appfigures (SA) [Messaging]
2026-03-12 15:07:30,181 - logging_config - INFO - ✅ [96/315] Processed: 0712_SA_Appfigures_apple_music_20260302.mhtml → 10 rows from appfigures (SA) [Music]
2026-03-12 15:07:30,271 - logging_config - INFO - ✅ [97/315] Processed: 0713_SA_Appfigures_apple_navigation_20260302.mhtml → 10 rows from appfigures (SA) [Navigation]
2026-03-12 15:07:30,350 - logging_config - INFO - ✅ [98/315] Processed: 0714_SA_Appfigures_apple_social_networking_20260302.mhtml → 10 rows from appfigures (SA) [Messaging]
2026-03-12 15:07:33,842 - logging_config - WARNING - ⚠️ [99/315] Skipping 0801_BR_sensorTower_android_music_and_audio_20260302.mhtml: 0 rows from sensortower (Empty rows)
2026-03-12 15:07:34,344 - logging_config - INFO - ✅ [100/315] Processed: 0802_BR_sensorTower_android_maps_and_navigation_20260302.mhtml → 10 rows from SensorTower (BR) [Navigation]
2026-03-12 15:07:34,799 - logging_config - INFO - ✅ [101/315] Processed: 0803_BR_sensorTower_android_social_20260302.mhtml → 10 rows from SensorTower (BR) [Messaging]
2026-03-12 15:07:35,259 - logging_config - INFO - ✅ [102/315] Processed: 0804_BR_sensorTower_android_communication_20260302.mhtml → 10 rows from SensorTower (BR) [Messaging]
2026-03-12 15:07:35,902 - logging_config - INFO - ✅ [103/315] Processed: 0805_BR_sensorTower_apple_music_20260302.mhtml → 10 rows from SensorTower (BR) [Music]
2026-03-12 15:07:36,547 - logging_config - INFO - ✅ [104/315] Processed: 0806_BR_sensorTower_apple_navigation_20260302.mhtml → 10 rows from SensorTower (BR) [Navigation]
2026-03-12 15:07:37,164 - logging_config - INFO - ✅ [105/315] Processed: 0807_BR_sensorTower_apple_social_networking_20260302.mhtml → 10 rows from SensorTower (BR) [Messaging]
2026-03-12 15:07:37,248 - logging_config - INFO - ✅ [106/315] Processed: 0808_BR_Appfigures_android_music_and_audio_20260302.mhtml → 10 rows from appfigures (BR) [Music]
2026-03-12 15:07:37,332 - logging_config - INFO - ✅ [107/315] Processed: 0809_BR_Appfigures_android_maps_and_navigation_20260302.mhtml → 10 rows from appfigures (BR) [Navigation]
2026-03-12 15:07:37,431 - logging_config - INFO - ✅ [108/315] Processed: 0810_BR_Appfigures_android_social_20260302.mhtml → 10 rows from appfigures (BR) [Messaging]
2026-03-12 15:07:37,483 - logging_config - INFO - ✅ [109/315] Processed: 0811_BR_Appfigures_android_communication_20260302.mhtml → 10 rows from appfigures (BR) [Messaging]
2026-03-12 15:07:37,598 - logging_config - INFO - ✅ [110/315] Processed: 0812_BR_Appfigures_apple_music_20260302.mhtml → 10 rows from appfigures (BR) [Music]
2026-03-12 15:07:37,730 - logging_config - INFO - ✅ [111/315] Processed: 0813_BR_Appfigures_apple_navigation_20260302.mhtml → 10 rows from appfigures (BR) [Navigation]
2026-03-12 15:07:37,815 - logging_config - INFO - ✅ [112/315] Processed: 0814_BR_Appfigures_apple_social_networking_20260302.mhtml → 10 rows from appfigures (BR) [Messaging]
2026-03-12 15:07:38,431 - logging_config - INFO - ✅ [113/315] Processed: 0901_MX_sensorTower_android_music_and_audio_20260302.mhtml → 10 rows from SensorTower (MX) [Music]
2026-03-12 15:07:38,998 - logging_config - INFO - ✅ [114/315] Processed: 0902_MX_sensorTower_android_maps_and_navigation_20260302.mhtml → 10 rows from SensorTower (MX) [Navigation]
2026-03-12 15:07:39,494 - logging_config - INFO - ✅ [115/315] Processed: 0903_MX_sensorTower_android_social_20260302.mhtml → 10 rows from SensorTower (MX) [Messaging]
2026-03-12 15:07:40,148 - logging_config - INFO - ✅ [116/315] Processed: 0904_MX_sensorTower_android_communication_20260302.mhtml → 10 rows from SensorTower (MX) [Messaging]
2026-03-12 15:07:41,431 - logging_config - INFO - ✅ [117/315] Processed: 0905_MX_sensorTower_apple_music_20260302.mhtml → 10 rows from SensorTower (MX) [Music]
2026-03-12 15:07:42,893 - logging_config - INFO - ✅ [118/315] Processed: 0906_MX_sensorTower_apple_navigation_20260302.mhtml → 10 rows from SensorTower (MX) [Navigation]
2026-03-12 15:07:44,424 - logging_config - INFO - ✅ [119/315] Processed: 0907_MX_sensorTower_apple_social_networking_20260302.mhtml → 10 rows from SensorTower (MX) [Messaging]
2026-03-12 15:07:44,609 - logging_config - INFO - ✅ [120/315] Processed: 0908_MX_Appfigures_android_music_and_audio_20260302.mhtml → 10 rows from appfigures (MX) [Music]
2026-03-12 15:07:44,746 - logging_config - INFO - ✅ [121/315] Processed: 0909_MX_Appfigures_android_maps_and_navigation_20260302.mhtml → 10 rows from appfigures (MX) [Navigation]
2026-03-12 15:07:44,897 - logging_config - INFO - ✅ [122/315] Processed: 0910_MX_Appfigures_android_social_20260302.mhtml → 10 rows from appfigures (MX) [Messaging]
2026-03-12 15:07:45,109 - logging_config - INFO - ✅ [123/315] Processed: 0911_MX_Appfigures_android_communication_20260302.mhtml → 10 rows from appfigures (MX) [Messaging]
2026-03-12 15:07:45,262 - logging_config - INFO - ✅ [124/315] Processed: 0912_MX_Appfigures_apple_music_20260302.mhtml → 10 rows from appfigures (MX) [Music]
2026-03-12 15:07:45,419 - logging_config - INFO - ✅ [125/315] Processed: 0913_MX_Appfigures_apple_navigation_20260302.mhtml → 10 rows from appfigures (MX) [Navigation]
2026-03-12 15:07:45,620 - logging_config - INFO - ✅ [126/315] Processed: 0914_MX_Appfigures_apple_social_networking_20260302.mhtml → 10 rows from appfigures (MX) [Messaging]
2026-03-12 15:07:46,565 - logging_config - INFO - ✅ [127/315] Processed: 1001_TH_sensorTower_android_music_and_audio_20260302.mhtml → 10 rows from SensorTower (TH) [Music]
2026-03-12 15:07:47,198 - logging_config - INFO - ✅ [128/315] Processed: 1002_TH_sensorTower_android_maps_and_navigation_20260302.mhtml → 10 rows from SensorTower (TH) [Navigation]
2026-03-12 15:07:47,676 - logging_config - INFO - ✅ [129/315] Processed: 1003_TH_sensorTower_android_social_20260302.mhtml → 10 rows from SensorTower (TH) [Messaging]
2026-03-12 15:07:48,298 - logging_config - INFO - ✅ [130/315] Processed: 1004_TH_sensorTower_android_communication_20260302.mhtml → 10 rows from SensorTower (TH) [Messaging]
2026-03-12 15:07:48,865 - logging_config - INFO - ✅ [131/315] Processed: 1005_TH_sensorTower_apple_music_20260302.mhtml → 10 rows from SensorTower (TH) [Music]
2026-03-12 15:07:49,548 - logging_config - INFO - ✅ [132/315] Processed: 1006_TH_sensorTower_apple_navigation_20260302.mhtml → 10 rows from SensorTower (TH) [Navigation]
2026-03-12 15:07:50,181 - logging_config - INFO - ✅ [133/315] Processed: 1007_TH_sensorTower_apple_social_networking_20260302.mhtml → 10 rows from SensorTower (TH) [Messaging]
2026-03-12 15:07:50,252 - logging_config - INFO - ✅ [134/315] Processed: 1008_TH_Appfigures_android_music_and_audio_20260302.mhtml → 10 rows from appfigures (TH) [Music]
2026-03-12 15:07:50,333 - logging_config - INFO - ✅ [135/315] Processed: 1009_TH_Appfigures_android_maps_and_navigation_20260302.mhtml → 10 rows from appfigures (TH) [Navigation]
2026-03-12 15:07:50,400 - logging_config - INFO - ✅ [136/315] Processed: 1010_TH_Appfigures_android_social_20260302.mhtml → 10 rows from appfigures (TH) [Messaging]
2026-03-12 15:07:50,579 - logging_config - INFO - ✅ [137/315] Processed: 1011_TH_Appfigures_android_communication_20260302.mhtml → 10 rows from appfigures (TH) [Messaging]
2026-03-12 15:07:50,670 - logging_config - INFO - ✅ [138/315] Processed: 1012_TH_Appfigures_apple_music_20260302.mhtml → 10 rows from appfigures (TH) [Music]
2026-03-12 15:07:50,765 - logging_config - INFO - ✅ [139/315] Processed: 1013_TH_Appfigures_apple_navigation_20260302.mhtml → 10 rows from appfigures (TH) [Navigation]
2026-03-12 15:07:50,865 - logging_config - INFO - ✅ [140/315] Processed: 1014_TH_Appfigures_apple_social_networking_20260302.mhtml → 10 rows from appfigures (TH) [Messaging]
2026-03-12 15:07:51,482 - logging_config - INFO - ✅ [141/315] Processed: 1101_IN_sensorTower_android_music_and_audio_20260302.mhtml → 10 rows from SensorTower (IN) [Music]
2026-03-12 15:07:52,166 - logging_config - INFO - ✅ [142/315] Processed: 1102_IN_sensorTower_android_maps_and_navigation_20260302.mhtml → 10 rows from SensorTower (IN) [Navigation]
2026-03-12 15:07:52,563 - logging_config - INFO - ✅ [143/315] Processed: 1103_IN_sensorTower_android_social_20260302.mhtml → 10 rows from SensorTower (IN) [Messaging]
2026-03-12 15:07:53,248 - logging_config - INFO - ✅ [144/315] Processed: 1104_IN_sensorTower_android_communication_20260302.mhtml → 10 rows from SensorTower (IN) [Messaging]
2026-03-12 15:07:53,899 - logging_config - INFO - ✅ [145/315] Processed: 1105_IN_sensorTower_apple_music_20260302.mhtml → 10 rows from SensorTower (IN) [Music]
2026-03-12 15:07:54,537 - logging_config - INFO - ✅ [146/315] Processed: 1106_IN_sensorTower_apple_navigation_20260302.mhtml → 10 rows from SensorTower (IN) [Navigation]
2026-03-12 15:07:55,182 - logging_config - INFO - ✅ [147/315] Processed: 1107_IN_sensorTower_apple_social_networking_20260302.mhtml → 10 rows from SensorTower (IN) [Messaging]
2026-03-12 15:07:55,254 - logging_config - INFO - ✅ [148/315] Processed: 1108_IN_Appfigures_android_music_and_audio_20260302.mhtml → 10 rows from appfigures (IN) [Music]
2026-03-12 15:07:55,373 - logging_config - INFO - ✅ [149/315] Processed: 1109_IN_Appfigures_android_maps_and_navigation_20260302.mhtml → 10 rows from appfigures (IN) [Navigation]
2026-03-12 15:07:55,432 - logging_config - INFO - ✅ [150/315] Processed: 1110_IN_Appfigures_android_social_20260302.mhtml → 10 rows from appfigures (IN) [Messaging]
2026-03-12 15:07:55,545 - logging_config - INFO - ✅ [151/315] Processed: 1111_IN_Appfigures_android_communication_20260302.mhtml → 10 rows from appfigures (IN) [Messaging]
2026-03-12 15:07:55,616 - logging_config - INFO - ✅ [152/315] Processed: 1112_IN_Appfigures_apple_music_20260302.mhtml → 10 rows from appfigures (IN) [Music]
2026-03-12 15:07:55,703 - logging_config - INFO - ✅ [153/315] Processed: 1113_IN_Appfigures_apple_navigation_20260302.mhtml → 10 rows from appfigures (IN) [Navigation]
2026-03-12 15:07:55,777 - logging_config - INFO - ✅ [154/315] Processed: 1114_IN_Appfigures_apple_social_networking_20260302.mhtml → 10 rows from appfigures (IN) [Messaging]
2026-03-12 15:07:56,039 - logging_config - INFO - ✅ [155/315] Processed: 1201_CN_AppFollow_android_Music_and_Audio_20260302.mhtml → 10 rows from appfollow (CN) [Music]
2026-03-12 15:07:56,244 - logging_config - INFO - ✅ [156/315] Processed: 1202_CN_AppFollow_android_Maps_and_Navigation_20260302.mhtml → 10 rows from appfollow (CN) [Navigation]
2026-03-12 15:07:56,396 - logging_config - INFO - ✅ [157/315] Processed: 1203_CN_AppFollow_android_Social_20260302.mhtml → 10 rows from appfollow (CN) [Messaging]
2026-03-12 15:07:56,540 - logging_config - INFO - ✅ [158/315] Processed: 1204_CN_AppFollow_android_Communication_20260302.mhtml → 10 rows from appfollow (CN) [Messaging]
2026-03-12 15:07:56,696 - logging_config - INFO - ✅ [159/315] Processed: 1205_CN_AppFollow_apple_Music_20260302.mhtml → 10 rows from appfollow (CN) [Music]
2026-03-12 15:07:56,814 - logging_config - INFO - ✅ [160/315] Processed: 1206_CN_AppFollow_apple_Navigation_20260302.mhtml → 10 rows from appfollow (CN) [Navigation]
2026-03-12 15:07:56,964 - logging_config - INFO - ✅ [161/315] Processed: 1207_CN_AppFollow_apple_Social_Networking_20260302.mhtml → 10 rows from appfollow (CN) [Messaging]
2026-03-12 15:07:57,052 - logging_config - INFO - ✅ [162/315] Processed: 1208_CN_SimilarWeb1_apple_Music_20260302.mhtml → 10 rows from similarweb (CN) [Music]
2026-03-12 15:07:57,146 - logging_config - INFO - ✅ [163/315] Processed: 1209_CN_SimilarWeb1_apple_Navigation_20260302.mhtml → 10 rows from similarweb (CN) [Navigation]
2026-03-12 15:07:57,262 - logging_config - INFO - ✅ [164/315] Processed: 1210_CN_SimilarWeb1_apple_Social_Networking_20260302.mhtml → 10 rows from similarweb (CN) [Messaging]
2026-03-12 15:07:57,899 - logging_config - INFO - ✅ [165/315] Processed: 1211_CN_sensorTower_android_music_and_audio_20260302.mhtml → 10 rows from SensorTower (CN) [Music]
2026-03-12 15:07:58,532 - logging_config - INFO - ✅ [166/315] Processed: 1212_CN_sensorTower_apple_music_20260302.mhtml → 10 rows from SensorTower (CN) [Music]
2026-03-12 15:07:59,182 - logging_config - INFO - ✅ [167/315] Processed: 1213_CN_sensorTower_apple_navigation_20260302.mhtml → 10 rows from SensorTower (CN) [Navigation]
2026-03-12 15:07:59,815 - logging_config - INFO - ✅ [168/315] Processed: 1214_CN_sensorTower_apple_social_networking_20260302.mhtml → 10 rows from SensorTower (CN) [Messaging]
2026-03-12 15:07:59,883 - logging_config - INFO - ✅ [169/315] Processed: 1215_CN_Appfigures_android_music_and_audio_20260302.mhtml → 10 rows from appfigures (CN) [Music]
2026-03-12 15:07:59,966 - logging_config - INFO - ✅ [170/315] Processed: 1216_CN_Appfigures_android_maps_and_navigation_20260302.mhtml → 10 rows from appfigures (CN) [Navigation]
2026-03-12 15:08:00,043 - logging_config - INFO - ✅ [171/315] Processed: 1217_CN_Appfigures_android_social_20260302.mhtml → 10 rows from appfigures (CN) [Messaging]
2026-03-12 15:08:00,143 - logging_config - INFO - ✅ [172/315] Processed: 1218_CN_Appfigures_android_communication_20260302.mhtml → 10 rows from appfigures (CN) [Messaging]
2026-03-12 15:08:00,216 - logging_config - INFO - ✅ [173/315] Processed: 1219_CN_Appfigures_apple_music_20260302.mhtml → 10 rows from appfigures (CN) [Music]
2026-03-12 15:08:00,319 - logging_config - INFO - ✅ [174/315] Processed: 1220_CN_Appfigures_apple_navigation_20260302.mhtml → 10 rows from appfigures (CN) [Navigation]
2026-03-12 15:08:00,463 - logging_config - INFO - ✅ [175/315] Processed: 1221_CN_Appfigures_apple_social_networking_20260302.mhtml → 10 rows from appfigures (CN) [Messaging]
2026-03-12 15:08:01,066 - logging_config - INFO - ✅ [176/315] Processed: 1301_HK_sensorTower_android_music_and_audio_20260302.mhtml → 10 rows from SensorTower (HK) [Music]
2026-03-12 15:08:01,732 - logging_config - INFO - ✅ [177/315] Processed: 1302_HK_sensorTower_android_maps_and_navigation_20260302.mhtml → 10 rows from SensorTower (HK) [Navigation]
2026-03-12 15:08:02,209 - logging_config - INFO - ✅ [178/315] Processed: 1303_HK_sensorTower_android_social_20260302.mhtml → 10 rows from SensorTower (HK) [Messaging]
2026-03-12 15:08:03,613 - logging_config - INFO - ✅ [179/315] Processed: 1304_HK_sensorTower_android_communication_20260302.mhtml → 10 rows from SensorTower (HK) [Messaging]
2026-03-12 15:08:05,204 - logging_config - INFO - ✅ [180/315] Processed: 1305_HK_sensorTower_apple_music_20260302.mhtml → 10 rows from SensorTower (HK) [Music]
2026-03-12 15:08:06,678 - logging_config - INFO - ✅ [181/315] Processed: 1306_HK_sensorTower_apple_navigation_20260302.mhtml → 10 rows from SensorTower (HK) [Navigation]
2026-03-12 15:08:07,949 - logging_config - INFO - ✅ [182/315] Processed: 1307_HK_sensorTower_apple_social_networking_20260302.mhtml → 10 rows from SensorTower (HK) [Messaging]
2026-03-12 15:08:08,226 - logging_config - INFO - ✅ [183/315] Processed: 1308_HK_Appfigures_android_music_and_audio_20260302.mhtml → 10 rows from appfigures (HK) [Music]
2026-03-12 15:08:08,315 - logging_config - INFO - ✅ [184/315] Processed: 1309_HK_Appfigures_android_maps_and_navigation_20260302.mhtml → 10 rows from appfigures (HK) [Navigation]
2026-03-12 15:08:08,407 - logging_config - INFO - ✅ [185/315] Processed: 1310_HK_Appfigures_android_social_20260302.mhtml → 10 rows from appfigures (HK) [Messaging]
2026-03-12 15:08:08,468 - logging_config - INFO - ✅ [186/315] Processed: 1311_HK_Appfigures_android_communication_20260302.mhtml → 10 rows from appfigures (HK) [Messaging]
2026-03-12 15:08:08,591 - logging_config - INFO - ✅ [187/315] Processed: 1312_HK_Appfigures_apple_music_20260302.mhtml → 10 rows from appfigures (HK) [Music]
2026-03-12 15:08:08,656 - logging_config - INFO - ✅ [188/315] Processed: 1313_HK_Appfigures_apple_navigation_20260302.mhtml → 10 rows from appfigures (HK) [Navigation]
2026-03-12 15:08:08,754 - logging_config - INFO - ✅ [189/315] Processed: 1314_HK_Appfigures_apple_social_networking_20260302.mhtml → 10 rows from appfigures (HK) [Messaging]
2026-03-12 15:08:09,196 - logging_config - INFO - ✅ [190/315] Processed: 1401_TW_sensorTower_android_music_and_audio_20260302.mhtml → 10 rows from SensorTower (TW) [Music]
2026-03-12 15:08:09,597 - logging_config - INFO - ✅ [191/315] Processed: 1402_TW_sensorTower_android_maps_and_navigation_20260302.mhtml → 10 rows from SensorTower (TW) [Navigation]
2026-03-12 15:08:10,077 - logging_config - INFO - ✅ [192/315] Processed: 1403_TW_sensorTower_android_social_20260302.mhtml → 10 rows from SensorTower (TW) [Messaging]
2026-03-12 15:08:10,528 - logging_config - INFO - ✅ [193/315] Processed: 1404_TW_sensorTower_android_communication_20260302.mhtml → 10 rows from SensorTower (TW) [Messaging]
2026-03-12 15:08:11,098 - logging_config - INFO - ✅ [194/315] Processed: 1405_TW_sensorTower_apple_music_20260302.mhtml → 10 rows from SensorTower (TW) [Music]
2026-03-12 15:08:11,749 - logging_config - INFO - ✅ [195/315] Processed: 1406_TW_sensorTower_apple_navigation_20260302.mhtml → 10 rows from SensorTower (TW) [Navigation]
2026-03-12 15:08:12,399 - logging_config - INFO - ✅ [196/315] Processed: 1407_TW_sensorTower_apple_social_networking_20260302.mhtml → 10 rows from SensorTower (TW) [Messaging]
2026-03-12 15:08:12,468 - logging_config - INFO - ✅ [197/315] Processed: 1408_TW_Appfigures_android_music_and_audio_20260302.mhtml → 10 rows from appfigures (TW) [Music]
2026-03-12 15:08:12,533 - logging_config - INFO - ✅ [198/315] Processed: 1409_TW_Appfigures_android_maps_and_navigation_20260302.mhtml → 10 rows from appfigures (TW) [Navigation]
2026-03-12 15:08:12,629 - logging_config - INFO - ✅ [199/315] Processed: 1410_TW_Appfigures_android_social_20260302.mhtml → 10 rows from appfigures (TW) [Messaging]
2026-03-12 15:08:12,764 - logging_config - INFO - ✅ [200/315] Processed: 1411_TW_Appfigures_android_communication_20260302.mhtml → 10 rows from appfigures (TW) [Messaging]
2026-03-12 15:08:12,869 - logging_config - INFO - ✅ [201/315] Processed: 1412_TW_Appfigures_apple_music_20260302.mhtml → 10 rows from appfigures (TW) [Music]
2026-03-12 15:08:12,958 - logging_config - INFO - ✅ [202/315] Processed: 1413_TW_Appfigures_apple_navigation_20260302.mhtml → 10 rows from appfigures (TW) [Navigation]
2026-03-12 15:08:13,035 - logging_config - INFO - ✅ [203/315] Processed: 1414_TW_Appfigures_apple_social_networking_20260302.mhtml → 10 rows from appfigures (TW) [Messaging]
2026-03-12 15:08:13,600 - logging_config - INFO - ✅ [204/315] Processed: 1501_KR_sensorTower_android_music_and_audio_20260302.mhtml → 10 rows from SensorTower (KR) [Music]
2026-03-12 15:08:14,014 - logging_config - INFO - ✅ [205/315] Processed: 1502_KR_sensorTower_android_maps_and_navigation_20260302.mhtml → 10 rows from SensorTower (KR) [Navigation]
2026-03-12 15:08:14,506 - logging_config - INFO - ✅ [206/315] Processed: 1503_KR_sensorTower_android_social_20260302.mhtml → 10 rows from SensorTower (KR) [Messaging]
2026-03-12 15:08:14,932 - logging_config - INFO - ✅ [207/315] Processed: 1504_KR_sensorTower_android_communication_20260302.mhtml → 10 rows from SensorTower (KR) [Messaging]
2026-03-12 15:08:15,599 - logging_config - INFO - ✅ [208/315] Processed: 1505_KR_sensorTower_apple_music_20260302.mhtml → 10 rows from SensorTower (KR) [Music]
2026-03-12 15:08:16,283 - logging_config - INFO - ✅ [209/315] Processed: 1506_KR_sensorTower_apple_navigation_20260302.mhtml → 10 rows from SensorTower (KR) [Navigation]
2026-03-12 15:08:17,698 - logging_config - INFO - ✅ [210/315] Processed: 1507_KR_sensorTower_apple_social_networking_20260302.mhtml → 10 rows from SensorTower (KR) [Messaging]
2026-03-12 15:08:17,855 - logging_config - INFO - ✅ [211/315] Processed: 1508_KR_Appfigures_android_music_and_audio_20260302.mhtml → 10 rows from appfigures (KR) [Music]
2026-03-12 15:08:17,982 - logging_config - INFO - ✅ [212/315] Processed: 1509_KR_Appfigures_android_maps_and_navigation_20260302.mhtml → 10 rows from appfigures (KR) [Navigation]
2026-03-12 15:08:18,179 - logging_config - INFO - ✅ [213/315] Processed: 1510_KR_Appfigures_android_social_20260302.mhtml → 10 rows from appfigures (KR) [Messaging]
2026-03-12 15:08:18,299 - logging_config - INFO - ✅ [214/315] Processed: 1511_KR_Appfigures_android_communication_20260302.mhtml → 10 rows from appfigures (KR) [Messaging]
2026-03-12 15:08:18,637 - logging_config - INFO - ✅ [215/315] Processed: 1512_KR_Appfigures_apple_music_20260302.mhtml → 10 rows from appfigures (KR) [Music]
2026-03-12 15:08:18,829 - logging_config - INFO - ✅ [216/315] Processed: 1513_KR_Appfigures_apple_navigation_20260302.mhtml → 10 rows from appfigures (KR) [Navigation]
2026-03-12 15:08:18,997 - logging_config - INFO - ✅ [217/315] Processed: 1514_KR_Appfigures_apple_social_networking_20260302.mhtml → 10 rows from appfigures (KR) [Messaging]
2026-03-12 15:08:20,284 - logging_config - INFO - ✅ [218/315] Processed: 1601_JP_sensorTower_android_music_and_audio_20260302.mhtml → 10 rows from SensorTower (JP) [Music]
2026-03-12 15:08:20,686 - logging_config - INFO - ✅ [219/315] Processed: 1602_JP_sensorTower_android_maps_and_navigation_20260302.mhtml → 10 rows from SensorTower (JP) [Navigation]
2026-03-12 15:08:21,193 - logging_config - INFO - ✅ [220/315] Processed: 1603_JP_sensorTower_android_social_20260302.mhtml → 10 rows from SensorTower (JP) [Messaging]
2026-03-12 15:08:21,693 - logging_config - INFO - ✅ [221/315] Processed: 1604_JP_sensorTower_android_communication_20260302.mhtml → 10 rows from SensorTower (JP) [Messaging]
2026-03-12 15:08:22,283 - logging_config - INFO - ✅ [222/315] Processed: 1605_JP_sensorTower_apple_music_20260302.mhtml → 10 rows from SensorTower (JP) [Music]
2026-03-12 15:08:22,950 - logging_config - INFO - ✅ [223/315] Processed: 1606_JP_sensorTower_apple_navigation_20260302.mhtml → 10 rows from SensorTower (JP) [Navigation]
2026-03-12 15:08:23,600 - logging_config - INFO - ✅ [224/315] Processed: 1607_JP_sensorTower_apple_social_networking_20260302.mhtml → 10 rows from SensorTower (JP) [Messaging]
2026-03-12 15:08:23,671 - logging_config - INFO - ✅ [225/315] Processed: 1608_JP_Appfigures_android_music_and_audio_20260302.mhtml → 10 rows from appfigures (JP) [Music]
2026-03-12 15:08:23,734 - logging_config - INFO - ✅ [226/315] Processed: 1609_JP_Appfigures_android_maps_and_navigation_20260302.mhtml → 10 rows from appfigures (JP) [Navigation]
2026-03-12 15:08:23,841 - logging_config - INFO - ✅ [227/315] Processed: 1610_JP_Appfigures_android_social_20260302.mhtml → 10 rows from appfigures (JP) [Messaging]
2026-03-12 15:08:23,984 - logging_config - INFO - ✅ [228/315] Processed: 1611_JP_Appfigures_android_communication_20260302.mhtml → 10 rows from appfigures (JP) [Messaging]
2026-03-12 15:08:24,110 - logging_config - INFO - ✅ [229/315] Processed: 1612_JP_Appfigures_apple_music_20260302.mhtml → 10 rows from appfigures (JP) [Music]
2026-03-12 15:08:24,200 - logging_config - INFO - ✅ [230/315] Processed: 1613_JP_Appfigures_apple_navigation_20260302.mhtml → 10 rows from appfigures (JP) [Navigation]
2026-03-12 15:08:24,267 - logging_config - INFO - ✅ [231/315] Processed: 1614_JP_Appfigures_apple_social_networking_20260302.mhtml → 10 rows from appfigures (JP) [Messaging]
2026-03-12 15:08:24,900 - logging_config - INFO - ✅ [232/315] Processed: 1701_FR_sensorTower_android_music_and_audio_20260302.mhtml → 10 rows from SensorTower (FR) [Music]
2026-03-12 15:08:25,346 - logging_config - INFO - ✅ [233/315] Processed: 1702_FR_sensorTower_android_maps_and_navigation_20260302.mhtml → 10 rows from SensorTower (FR) [Navigation]
2026-03-12 15:08:25,851 - logging_config - INFO - ✅ [234/315] Processed: 1703_FR_sensorTower_android_social_20260302.mhtml → 10 rows from SensorTower (FR) [Messaging]
2026-03-12 15:08:26,359 - logging_config - INFO - ✅ [235/315] Processed: 1704_FR_sensorTower_android_communication_20260302.mhtml → 10 rows from SensorTower (FR) [Messaging]
2026-03-12 15:08:27,016 - logging_config - INFO - ✅ [236/315] Processed: 1705_FR_sensorTower_apple_music_20260302.mhtml → 10 rows from SensorTower (FR) [Music]
2026-03-12 15:08:27,600 - logging_config - INFO - ✅ [237/315] Processed: 1706_FR_sensorTower_apple_navigation_20260302.mhtml → 10 rows from SensorTower (FR) [Navigation]
2026-03-12 15:08:28,294 - logging_config - INFO - ✅ [238/315] Processed: 1707_FR_sensorTower_apple_social_networking_20260302.mhtml → 10 rows from SensorTower (FR) [Messaging]
2026-03-12 15:08:28,400 - logging_config - INFO - ✅ [239/315] Processed: 1708_FR_Appfigures_android_music_and_audio_20260302.mhtml → 10 rows from appfigures (FR) [Music]
2026-03-12 15:08:28,467 - logging_config - INFO - ✅ [240/315] Processed: 1709_FR_Appfigures_android_maps_and_navigation_20260302.mhtml → 10 rows from appfigures (FR) [Navigation]
2026-03-12 15:08:28,598 - logging_config - WARNING - ⚠️ [241/315] Skipping 1710_FR_Appfigures_android_social_20260302.mhtml: 0 rows from appfigures (No data rows found with provided selectors)
2026-03-12 15:08:28,667 - logging_config - INFO - ✅ [242/315] Processed: 1711_FR_Appfigures_android_communication_20260302.mhtml → 10 rows from appfigures (FR) [Messaging]
2026-03-12 15:08:28,767 - logging_config - INFO - ✅ [243/315] Processed: 1712_FR_Appfigures_apple_music_20260302.mhtml → 10 rows from appfigures (FR) [Music]
2026-03-12 15:08:28,882 - logging_config - INFO - ✅ [244/315] Processed: 1713_FR_Appfigures_apple_navigation_20260302.mhtml → 10 rows from appfigures (FR) [Navigation]
2026-03-12 15:08:28,950 - logging_config - INFO - ✅ [245/315] Processed: 1714_FR_Appfigures_apple_social_networking_20260302.mhtml → 10 rows from appfigures (FR) [Messaging]
2026-03-12 15:08:29,550 - logging_config - INFO - ✅ [246/315] Processed: 1801_IT_sensorTower_android_music_and_audio_20260302.mhtml → 10 rows from SensorTower (IT) [Music]
2026-03-12 15:08:29,997 - logging_config - INFO - ✅ [247/315] Processed: 1802_IT_sensorTower_android_maps_and_navigation_20260302.mhtml → 10 rows from SensorTower (IT) [Navigation]
2026-03-12 15:08:30,867 - logging_config - INFO - ✅ [248/315] Processed: 1803_IT_sensorTower_android_social_20260302.mhtml → 10 rows from SensorTower (IT) [Messaging]
2026-03-12 15:08:31,951 - logging_config - INFO - ✅ [249/315] Processed: 1804_IT_sensorTower_android_communication_20260302.mhtml → 10 rows from SensorTower (IT) [Messaging]
2026-03-12 15:08:33,366 - logging_config - INFO - ✅ [250/315] Processed: 1805_IT_sensorTower_apple_music_20260302.mhtml → 10 rows from SensorTower (IT) [Music]
2026-03-12 15:08:34,434 - logging_config - INFO - ✅ [251/315] Processed: 1806_IT_sensorTower_apple_navigation_20260302.mhtml → 10 rows from SensorTower (IT) [Navigation]
2026-03-12 15:08:35,133 - logging_config - INFO - ✅ [252/315] Processed: 1807_IT_sensorTower_apple_social_networking_20260302.mhtml → 10 rows from SensorTower (IT) [Messaging]
2026-03-12 15:08:35,207 - logging_config - INFO - ✅ [253/315] Processed: 1808_IT_Appfigures_android_music_and_audio_20260302.mhtml → 10 rows from appfigures (IT) [Music]
2026-03-12 15:08:35,349 - logging_config - INFO - ✅ [254/315] Processed: 1809_IT_Appfigures_android_maps_and_navigation_20260302.mhtml → 10 rows from appfigures (IT) [Navigation]
2026-03-12 15:08:35,448 - logging_config - INFO - ✅ [255/315] Processed: 1810_IT_Appfigures_android_social_20260302.mhtml → 10 rows from appfigures (IT) [Messaging]
2026-03-12 15:08:35,508 - logging_config - INFO - ✅ [256/315] Processed: 1811_IT_Appfigures_android_communication_20260302.mhtml → 10 rows from appfigures (IT) [Messaging]
2026-03-12 15:08:35,617 - logging_config - INFO - ✅ [257/315] Processed: 1812_IT_Appfigures_apple_music_20260302.mhtml → 10 rows from appfigures (IT) [Music]
2026-03-12 15:08:35,684 - logging_config - INFO - ✅ [258/315] Processed: 1813_IT_Appfigures_apple_navigation_20260302.mhtml → 10 rows from appfigures (IT) [Navigation]
2026-03-12 15:08:35,806 - logging_config - INFO - ✅ [259/315] Processed: 1814_IT_Appfigures_apple_social_networking_20260302.mhtml → 10 rows from appfigures (IT) [Messaging]
2026-03-12 15:08:36,434 - logging_config - INFO - ✅ [260/315] Processed: 1901_BE_sensorTower_android_music_and_audio_20260302.mhtml → 10 rows from SensorTower (BE) [Music]
2026-03-12 15:08:37,083 - logging_config - INFO - ✅ [261/315] Processed: 1902_BE_sensorTower_android_maps_and_navigation_20260302.mhtml → 10 rows from SensorTower (BE) [Navigation]
2026-03-12 15:08:37,610 - logging_config - INFO - ✅ [262/315] Processed: 1903_BE_sensorTower_android_social_20260302.mhtml → 10 rows from SensorTower (BE) [Messaging]
2026-03-12 15:08:38,417 - logging_config - INFO - ✅ [263/315] Processed: 1904_BE_sensorTower_android_communication_20260302.mhtml → 10 rows from SensorTower (BE) [Messaging]
2026-03-12 15:08:39,201 - logging_config - INFO - ✅ [264/315] Processed: 1905_BE_sensorTower_apple_music_20260302.mhtml → 10 rows from SensorTower (BE) [Music]
2026-03-12 15:08:39,900 - logging_config - INFO - ✅ [265/315] Processed: 1906_BE_sensorTower_apple_navigation_20260302.mhtml → 10 rows from SensorTower (BE) [Navigation]
2026-03-12 15:08:40,584 - logging_config - INFO - ✅ [266/315] Processed: 1907_BE_sensorTower_apple_social_networking_20260302.mhtml → 10 rows from SensorTower (BE) [Messaging]
2026-03-12 15:08:40,683 - logging_config - INFO - ✅ [267/315] Processed: 1908_BE_Appfigures_android_music_and_audio_20260302.mhtml → 10 rows from appfigures (BE) [Music]
2026-03-12 15:08:40,826 - logging_config - INFO - ✅ [268/315] Processed: 1909_BE_Appfigures_android_maps_and_navigation_20260302.mhtml → 10 rows from appfigures (BE) [Navigation]
2026-03-12 15:08:40,925 - logging_config - INFO - ✅ [269/315] Processed: 1910_BE_Appfigures_android_social_20260302.mhtml → 10 rows from appfigures (BE) [Messaging]
2026-03-12 15:08:41,007 - logging_config - INFO - ✅ [270/315] Processed: 1911_BE_Appfigures_android_communication_20260302.mhtml → 10 rows from appfigures (BE) [Messaging]
2026-03-12 15:08:41,089 - logging_config - INFO - ✅ [271/315] Processed: 1912_BE_Appfigures_apple_music_20260302.mhtml → 10 rows from appfigures (BE) [Music]
2026-03-12 15:08:41,248 - logging_config - INFO - ✅ [272/315] Processed: 1913_BE_Appfigures_apple_navigation_20260302.mhtml → 10 rows from appfigures (BE) [Navigation]
2026-03-12 15:08:41,365 - logging_config - INFO - ✅ [273/315] Processed: 1914_BE_Appfigures_apple_social_networking_20260302.mhtml → 10 rows from appfigures (BE) [Messaging]
2026-03-12 15:08:42,184 - logging_config - INFO - ✅ [274/315] Processed: 2001_GB_sensorTower_android_music_and_audio_20260302.mhtml → 10 rows from SensorTower (GB) [Music]
2026-03-12 15:08:42,683 - logging_config - INFO - ✅ [275/315] Processed: 2002_GB_sensorTower_android_maps_and_navigation_20260302.mhtml → 10 rows from SensorTower (GB) [Navigation]
2026-03-12 15:08:43,284 - logging_config - INFO - ✅ [276/315] Processed: 2003_GB_sensorTower_android_social_20260302.mhtml → 10 rows from SensorTower (GB) [Messaging]
2026-03-12 15:08:43,867 - logging_config - INFO - ✅ [277/315] Processed: 2004_GB_sensorTower_android_communication_20260302.mhtml → 10 rows from SensorTower (GB) [Messaging]
2026-03-12 15:08:44,485 - logging_config - INFO - ✅ [278/315] Processed: 2005_GB_sensorTower_apple_music_20260302.mhtml → 10 rows from SensorTower (GB) [Music]
2026-03-12 15:08:45,184 - logging_config - INFO - ✅ [279/315] Processed: 2006_GB_sensorTower_apple_navigation_20260302.mhtml → 10 rows from SensorTower (GB) [Navigation]
2026-03-12 15:08:45,849 - logging_config - INFO - ✅ [280/315] Processed: 2007_GB_sensorTower_apple_social_networking_20260302.mhtml → 10 rows from SensorTower (GB) [Messaging]
2026-03-12 15:08:45,938 - logging_config - INFO - ✅ [281/315] Processed: 2008_GB_Appfigures_android_music_and_audio_20260302.mhtml → 10 rows from appfigures (GB) [Music]
2026-03-12 15:08:46,056 - logging_config - INFO - ✅ [282/315] Processed: 2009_GB_Appfigures_android_maps_and_navigation_20260302.mhtml → 10 rows from appfigures (GB) [Navigation]
2026-03-12 15:08:46,102 - logging_config - INFO - ✅ [283/315] Processed: 2010_GB_Appfigures_android_social_20260302.mhtml → 10 rows from appfigures (GB) [Messaging]
2026-03-12 15:08:46,327 - logging_config - INFO - ✅ [284/315] Processed: 2011_GB_Appfigures_android_communication_20260302.mhtml → 10 rows from appfigures (GB) [Messaging]
2026-03-12 15:08:46,429 - logging_config - INFO - ✅ [285/315] Processed: 2012_GB_Appfigures_apple_music_20260302.mhtml → 10 rows from appfigures (GB) [Music]
2026-03-12 15:08:46,501 - logging_config - INFO - ✅ [286/315] Processed: 2013_GB_Appfigures_apple_navigation_20260302.mhtml → 10 rows from appfigures (GB) [Navigation]
2026-03-12 15:08:46,633 - logging_config - INFO - ✅ [287/315] Processed: 2014_GB_Appfigures_apple_social_networking_20260302.mhtml → 10 rows from appfigures (GB) [Messaging]
2026-03-12 15:08:47,284 - logging_config - INFO - ✅ [288/315] Processed: 2101_DE_sensorTower_android_music_and_audio_20260302.mhtml → 10 rows from SensorTower (DE) [Music]
2026-03-12 15:08:47,851 - logging_config - INFO - ✅ [289/315] Processed: 2102_DE_sensorTower_android_maps_and_navigation_20260302.mhtml → 10 rows from SensorTower (DE) [Navigation]
2026-03-12 15:08:48,398 - logging_config - INFO - ✅ [290/315] Processed: 2103_DE_sensorTower_android_social_20260302.mhtml → 10 rows from SensorTower (DE) [Messaging]
2026-03-12 15:08:48,984 - logging_config - INFO - ✅ [291/315] Processed: 2104_DE_sensorTower_android_communication_20260302.mhtml → 10 rows from SensorTower (DE) [Messaging]
2026-03-12 15:08:49,734 - logging_config - INFO - ✅ [292/315] Processed: 2105_DE_sensorTower_apple_music_20260302.mhtml → 10 rows from SensorTower (DE) [Music]
2026-03-12 15:08:50,460 - logging_config - INFO - ✅ [293/315] Processed: 2106_DE_sensorTower_apple_navigation_20260302.mhtml → 10 rows from SensorTower (DE) [Navigation]
2026-03-12 15:08:51,088 - logging_config - INFO - ✅ [294/315] Processed: 2107_DE_sensorTower_apple_social_networking_20260302.mhtml → 10 rows from SensorTower (DE) [Messaging]
2026-03-12 15:08:51,281 - logging_config - INFO - ✅ [295/315] Processed: 2108_DE_Appfigures_android_music_and_audio_20260302.mhtml → 10 rows from appfigures (DE) [Music]
2026-03-12 15:08:51,359 - logging_config - INFO - ✅ [296/315] Processed: 2109_DE_Appfigures_android_maps_and_navigation_20260302.mhtml → 10 rows from appfigures (DE) [Navigation]
2026-03-12 15:08:51,424 - logging_config - INFO - ✅ [297/315] Processed: 2110_DE_Appfigures_android_social_20260302.mhtml → 10 rows from appfigures (DE) [Messaging]
2026-03-12 15:08:51,518 - logging_config - INFO - ✅ [298/315] Processed: 2111_DE_Appfigures_android_communication_20260302.mhtml → 10 rows from appfigures (DE) [Messaging]
2026-03-12 15:08:51,601 - logging_config - INFO - ✅ [299/315] Processed: 2112_DE_Appfigures_apple_music_20260302.mhtml → 10 rows from appfigures (DE) [Music]
2026-03-12 15:08:51,697 - logging_config - INFO - ✅ [300/315] Processed: 2113_DE_Appfigures_apple_navigation_20260302.mhtml → 10 rows from appfigures (DE) [Navigation]
2026-03-12 15:08:51,776 - logging_config - INFO - ✅ [301/315] Processed: 2114_DE_Appfigures_apple_social_networking_20260302.mhtml → 10 rows from appfigures (DE) [Messaging]
2026-03-12 15:08:52,689 - logging_config - INFO - ✅ [302/315] Processed: 2201_ES_sensorTower_android_music_and_audio_20260302.mhtml → 10 rows from SensorTower (ES) [Music]
2026-03-12 15:08:53,668 - logging_config - INFO - ✅ [303/315] Processed: 2202_ES_sensorTower_android_maps_and_navigation_20260302.mhtml → 10 rows from SensorTower (ES) [Navigation]
2026-03-12 15:08:54,770 - logging_config - INFO - ✅ [304/315] Processed: 2203_ES_sensorTower_android_social_20260302.mhtml → 10 rows from SensorTower (ES) [Messaging]
2026-03-12 15:08:55,884 - logging_config - INFO - ✅ [305/315] Processed: 2204_ES_sensorTower_android_communication_20260302.mhtml → 10 rows from SensorTower (ES) [Messaging]
2026-03-12 15:08:56,780 - logging_config - INFO - ✅ [306/315] Processed: 2205_ES_sensorTower_apple_music_20260302.mhtml → 10 rows from SensorTower (ES) [Music]
2026-03-12 15:08:57,451 - logging_config - INFO - ✅ [307/315] Processed: 2206_ES_sensorTower_apple_navigation_20260302.mhtml → 10 rows from SensorTower (ES) [Navigation]
2026-03-12 15:08:58,122 - logging_config - INFO - ✅ [308/315] Processed: 2207_ES_sensorTower_apple_social_networking_20260302.mhtml → 10 rows from SensorTower (ES) [Messaging]
2026-03-12 15:08:58,198 - logging_config - INFO - ✅ [309/315] Processed: 2208_ES_Appfigures_android_music_and_audio_20260302.mhtml → 10 rows from appfigures (ES) [Music]
2026-03-12 15:08:58,391 - logging_config - INFO - ✅ [310/315] Processed: 2209_ES_Appfigures_android_maps_and_navigation_20260302.mhtml → 10 rows from appfigures (ES) [Navigation]
2026-03-12 15:08:58,474 - logging_config - INFO - ✅ [311/315] Processed: 2210_ES_Appfigures_android_social_20260302.mhtml → 10 rows from appfigures (ES) [Messaging]
2026-03-12 15:08:58,624 - logging_config - INFO - ✅ [312/315] Processed: 2211_ES_Appfigures_android_communication_20260302.mhtml → 10 rows from appfigures (ES) [Messaging]
2026-03-12 15:08:58,723 - logging_config - INFO - ✅ [313/315] Processed: 2212_ES_Appfigures_apple_music_20260302.mhtml → 10 rows from appfigures (ES) [Music]
2026-03-12 15:08:58,801 - logging_config - INFO - ✅ [314/315] Processed: 2213_ES_Appfigures_apple_navigation_20260302.mhtml → 10 rows from appfigures (ES) [Navigation]
2026-03-12 15:08:58,895 - logging_config - INFO - ✅ [315/315] Processed: 2214_ES_Appfigures_apple_social_networking_20260302.mhtml → 10 rows from appfigures (ES) [Messaging]
2026-03-12 15:08:59,477 - logging_config - INFO - 📝 Saved workbook: d:\UNIFIED_SYSTEM_AUTOMATION\AUTOMATION FILE\All_platforms1.xlsx
2026-03-12 15:08:59,477 - logging_config - INFO - 
==================================================
2026-03-12 15:08:59,478 - logging_config - INFO - ✅ SCRAPING COMPLETE
2026-03-12 15:08:59,478 - logging_config - INFO -    Directory: D:/AUTOMATION_FILE/AUTOMATION_2026-03-02
2026-03-12 15:08:59,478 - logging_config - INFO -    Output: d:\UNIFIED_SYSTEM_AUTOMATION\AUTOMATION FILE\All_platforms1.xlsx
2026-03-12 15:08:59,478 - logging_config - INFO -    Total files: 315
2026-03-12 15:08:59,479 - logging_config - INFO -    Successful: 312
2026-03-12 15:08:59,479 - logging_config - INFO -    Failed: 3
2026-03-12 15:08:59,479 - logging_config - INFO - ==================================================
2026-03-12 15:08:59,480 - logging_config - INFO -    - Music: 900 row(s)
2026-03-12 15:08:59,481 - logging_config - INFO -    - Navigation: 890 row(s)
2026-03-12 15:08:59,482 - logging_config - INFO -    - Messaging: 1330 row(s)
